TN:
SF:api/app.ts
FN:43,(anonymous_0)
FNF:1
FNH:0
FNDA:0,(anonymous_0)
DA:21,0
DA:24,0
DA:26,0
DA:27,0
DA:28,0
DA:31,0
DA:36,0
DA:37,0
DA:38,0
DA:43,0
DA:44,0
DA:51,0
DA:54,0
LF:13
LH:0
BRF:0
BRH:0
end_of_record
TN:
SF:api/index.ts
FN:7,handler
FNF:1
FNH:0
FNDA:0,handler
DA:8,0
LF:1
LH:0
BRF:0
BRH:0
end_of_record
TN:
SF:api/server.ts
FN:73,(anonymous_0)
FN:87,(anonymous_1)
FN:113,(anonymous_2)
FN:142,(anonymous_3)
FN:147,(anonymous_4)
FN:153,(anonymous_5)
FN:157,(anonymous_6)
FN:158,(anonymous_7)
FN:167,(anonymous_8)
FN:187,(anonymous_9)
FN:191,(anonymous_10)
FN:229,(anonymous_11)
FN:235,(anonymous_12)
FN:247,(anonymous_13)
FN:255,(anonymous_14)
FN:261,(anonymous_15)
FN:302,(anonymous_16)
FN:322,(anonymous_17)
FN:325,(anonymous_18)
FN:331,(anonymous_19)
FNF:20
FNH:0
FNDA:0,(anonymous_0)
FNDA:0,(anonymous_1)
FNDA:0,(anonymous_2)
FNDA:0,(anonymous_3)
FNDA:0,(anonymous_4)
FNDA:0,(anonymous_5)
FNDA:0,(anonymous_6)
FNDA:0,(anonymous_7)
FNDA:0,(anonymous_8)
FNDA:0,(anonymous_9)
FNDA:0,(anonymous_10)
FNDA:0,(anonymous_11)
FNDA:0,(anonymous_12)
FNDA:0,(anonymous_13)
FNDA:0,(anonymous_14)
FNDA:0,(anonymous_15)
FNDA:0,(anonymous_16)
FNDA:0,(anonymous_17)
FNDA:0,(anonymous_18)
FNDA:0,(anonymous_19)
DA:20,0
DA:21,0
DA:24,0
DA:26,0
DA:27,0
DA:28,0
DA:36,0
DA:37,0
DA:38,0
DA:41,0
DA:42,0
DA:45,0
DA:51,0
DA:63,0
DA:64,0
DA:67,0
DA:70,0
DA:73,0
DA:74,0
DA:75,0
DA:76,0
DA:78,0
DA:86,0
DA:88,0
DA:93,0
DA:95,0
DA:96,0
DA:98,0
DA:109,0
DA:110,0
DA:113,0
DA:114,0
DA:124,0
DA:125,0
DA:127,0
DA:128,0
DA:133,0
DA:134,0
DA:135,0
DA:138,0
DA:139,0
DA:142,0
DA:143,0
DA:144,0
DA:147,0
DA:148,0
DA:149,0
DA:150,0
DA:153,0
DA:154,0
DA:155,0
DA:156,0
DA:157,0
DA:158,0
DA:159,0
DA:167,0
DA:168,0
DA:181,0
DA:184,0
DA:187,0
DA:188,0
DA:191,0
DA:192,0
DA:193,0
DA:196,0
DA:201,0
DA:202,0
DA:204,0
DA:212,0
DA:214,0
DA:220,0
DA:221,0
DA:229,0
DA:230,0
DA:231,0
DA:235,0
DA:236,0
DA:237,0
DA:238,0
DA:239,0
DA:242,0
DA:243,0
DA:246,0
DA:247,0
DA:251,0
DA:255,0
DA:256,0
DA:261,0
DA:262,0
DA:263,0
DA:264,0
DA:267,0
DA:268,0
DA:270,0
DA:271,0
DA:273,0
DA:274,0
DA:275,0
DA:278,0
DA:281,0
DA:290,0
DA:291,0
DA:292,0
DA:295,0
DA:302,0
DA:305,0
DA:309,0
DA:311,0
DA:316,0
DA:319,0
DA:322,0
DA:323,0
DA:324,0
DA:325,0
DA:326,0
DA:327,0
DA:331,0
DA:332,0
DA:333,0
LF:119
LH:0
BRDA:30,0,0,0
BRDA:30,0,1,0
BRDA:36,1,0,0
BRDA:36,1,1,0
BRDA:37,2,0,0
BRDA:37,2,1,0
BRDA:38,3,0,0
BRDA:38,3,1,0
BRDA:46,4,0,0
BRDA:46,4,1,0
BRDA:47,5,0,0
BRDA:47,5,1,0
BRDA:75,6,0,0
BRDA:75,6,1,0
BRDA:88,7,0,0
BRDA:88,7,1,0
BRDA:93,8,0,0
BRDA:95,9,0,0
BRDA:95,9,1,0
BRDA:118,10,0,0
BRDA:118,10,1,0
BRDA:119,11,0,0
BRDA:119,11,1,0
BRDA:201,12,0,0
BRDA:201,12,1,0
BRDA:237,13,0,0
BRDA:237,14,0,0
BRDA:237,14,1,0
BRDA:274,15,0,0
BRDA:291,16,0,0
BRDA:305,17,0,0
BRDA:305,17,1,0
BRF:32
BRH:0
end_of_record
TN:
SF:api/middleware/cache.ts
FN:15,(anonymous_0)
FN:17,(anonymous_1)
FN:22,(anonymous_2)
FN:32,(anonymous_3)
FN:49,(anonymous_4)
FN:57,(anonymous_5)
FN:62,(anonymous_6)
FN:78,(anonymous_7)
FN:85,(anonymous_8)
FN:97,createCacheMiddleware
FN:98,(anonymous_10)
FN:119,(anonymous_11)
FN:142,invalidateCache
FN:143,(anonymous_13)
FN:146,(anonymous_14)
FN:147,(anonymous_15)
FN:158,getCacheStats
FN:172,(anonymous_17)
FN:176,(anonymous_18)
FNF:19
FNH:0
FNDA:0,(anonymous_0)
FNDA:0,(anonymous_1)
FNDA:0,(anonymous_2)
FNDA:0,(anonymous_3)
FNDA:0,(anonymous_4)
FNDA:0,(anonymous_5)
FNDA:0,(anonymous_6)
FNDA:0,(anonymous_7)
FNDA:0,(anonymous_8)
FNDA:0,createCacheMiddleware
FNDA:0,(anonymous_10)
FNDA:0,(anonymous_11)
FNDA:0,invalidateCache
FNDA:0,(anonymous_13)
FNDA:0,(anonymous_14)
FNDA:0,(anonymous_15)
FNDA:0,getCacheStats
FNDA:0,(anonymous_17)
FNDA:0,(anonymous_18)
DA:12,0
DA:13,0
DA:17,0
DA:18,0
DA:23,0
DA:28,0
DA:29,0
DA:33,0
DA:34,0
DA:35,0
DA:38,0
DA:39,0
DA:40,0
DA:41,0
DA:42,0
DA:45,0
DA:46,0
DA:50,0
DA:51,0
DA:52,0
DA:54,0
DA:58,0
DA:59,0
DA:63,0
DA:64,0
DA:66,0
DA:67,0
DA:68,0
DA:69,0
DA:73,0
DA:74,0
DA:79,0
DA:86,0
DA:87,0
DA:89,0
DA:94,0
DA:98,0
DA:100,0
DA:101,0
DA:105,0
DA:108,0
DA:109,0
DA:110,0
DA:111,0
DA:112,0
DA:116,0
DA:119,0
DA:121,0
DA:122,0
DA:123,0
DA:125,0
DA:128,0
DA:133,0
DA:136,0
DA:139,0
DA:143,0
DA:144,0
DA:145,0
DA:146,0
DA:147,0
DA:148,0
DA:150,0
DA:151,0
DA:153,0
DA:159,0
DA:160,0
DA:172,0
DA:173,0
DA:176,0
DA:177,0
LF:70
LH:0
BRDA:22,0,0,0
BRDA:34,1,0,0
BRDA:39,2,0,0
BRDA:51,3,0,0
BRDA:67,4,0,0
BRDA:73,5,0,0
BRDA:86,6,0,0
BRDA:97,7,0,0
BRDA:100,8,0,0
BRDA:105,9,0,0
BRDA:105,9,1,0
BRDA:109,10,0,0
BRDA:121,11,0,0
BRDA:121,12,0,0
BRDA:121,12,1,0
BRDA:144,13,0,0
BRDA:144,13,1,0
BRF:17
BRH:0
end_of_record
TN:
SF:api/middleware/errorHandler.ts
FN:10,(anonymous_0)
FN:21,(anonymous_1)
FN:22,(anonymous_2)
FN:40,formatErrorResponse
FN:64,(anonymous_4)
FN:125,(anonymous_5)
FN:132,(anonymous_6)
FN:133,(anonymous_7)
FN:146,(anonymous_8)
FN:147,(anonymous_9)
FN:159,(anonymous_10)
FN:165,(anonymous_11)
FN:171,(anonymous_12)
FN:177,(anonymous_13)
FN:183,(anonymous_14)
FNF:15
FNH:0
FNDA:0,(anonymous_0)
FNDA:0,(anonymous_1)
FNDA:0,(anonymous_2)
FNDA:0,formatErrorResponse
FNDA:0,(anonymous_4)
FNDA:0,(anonymous_5)
FNDA:0,(anonymous_6)
FNDA:0,(anonymous_7)
FNDA:0,(anonymous_8)
FNDA:0,(anonymous_9)
FNDA:0,(anonymous_10)
FNDA:0,(anonymous_11)
FNDA:0,(anonymous_12)
FNDA:0,(anonymous_13)
FNDA:0,(anonymous_14)
DA:6,0
DA:7,0
DA:8,0
DA:11,0
DA:12,0
DA:13,0
DA:14,0
DA:16,0
DA:21,0
DA:22,0
DA:23,0
DA:28,0
DA:41,0
DA:43,0
DA:56,0
DA:57,0
DA:60,0
DA:64,0
DA:65,0
DA:68,0
DA:70,0
DA:71,0
DA:72,0
DA:73,0
DA:74,0
DA:75,0
DA:76,0
DA:77,0
DA:78,0
DA:79,0
DA:80,0
DA:81,0
DA:82,0
DA:83,0
DA:84,0
DA:86,0
DA:87,0
DA:91,0
DA:96,0
DA:113,0
DA:114,0
DA:116,0
DA:120,0
DA:121,0
DA:125,0
DA:126,0
DA:127,0
DA:128,0
DA:132,0
DA:133,0
DA:134,0
DA:141,0
DA:146,0
DA:147,0
DA:148,0
DA:154,0
DA:159,0
DA:160,0
DA:161,0
DA:162,0
DA:165,0
DA:166,0
DA:167,0
DA:168,0
DA:171,0
DA:172,0
DA:173,0
DA:174,0
DA:177,0
DA:178,0
DA:179,0
DA:180,0
DA:183,0
DA:184,0
DA:185,0
DA:186,0
LF:76
LH:0
BRDA:10,0,0,0
BRDA:10,1,0,0
BRDA:47,2,0,0
BRDA:47,2,1,0
BRDA:56,3,0,0
BRDA:56,4,0,0
BRDA:56,4,1,0
BRDA:68,5,0,0
BRDA:70,6,0,0
BRDA:70,6,1,0
BRDA:70,7,0,0
BRDA:70,7,1,0
BRDA:73,8,0,0
BRDA:73,8,1,0
BRDA:73,9,0,0
BRDA:73,9,1,0
BRDA:76,10,0,0
BRDA:76,10,1,0
BRDA:76,11,0,0
BRDA:76,11,1,0
BRDA:76,11,2,0
BRDA:76,11,3,0
BRDA:79,12,0,0
BRDA:79,12,1,0
BRDA:79,13,0,0
BRDA:79,13,1,0
BRDA:79,13,2,0
BRDA:79,13,3,0
BRDA:82,14,0,0
BRDA:82,14,1,0
BRDA:82,15,0,0
BRDA:82,15,1,0
BRDA:82,15,2,0
BRDA:82,15,3,0
BRDA:86,16,0,0
BRDA:86,16,1,0
BRDA:88,17,0,0
BRDA:88,17,1,0
BRDA:108,18,0,0
BRDA:108,18,1,0
BRDA:113,19,0,0
BRDA:113,19,1,0
BRDA:135,20,0,0
BRDA:135,20,1,0
BRDA:171,21,0,0
BRDA:177,22,0,0
BRDA:183,23,0,0
BRF:47
BRH:0
end_of_record
TN:
SF:api/middleware/monitoring.ts
FN:33,(anonymous_0)
FN:49,(anonymous_1)
FN:54,(anonymous_2)
FN:61,(anonymous_3)
FN:92,(anonymous_4)
FN:97,(anonymous_5)
FN:101,(anonymous_6)
FN:102,(anonymous_7)
FN:105,(anonymous_8)
FN:106,(anonymous_9)
FN:109,(anonymous_10)
FN:130,(anonymous_11)
FN:135,(anonymous_12)
FN:156,(anonymous_13)
FN:192,(anonymous_14)
FN:207,(anonymous_15)
FN:214,(anonymous_16)
FNF:17
FNH:0
FNDA:0,(anonymous_0)
FNDA:0,(anonymous_1)
FNDA:0,(anonymous_2)
FNDA:0,(anonymous_3)
FNDA:0,(anonymous_4)
FNDA:0,(anonymous_5)
FNDA:0,(anonymous_6)
FNDA:0,(anonymous_7)
FNDA:0,(anonymous_8)
FNDA:0,(anonymous_9)
FNDA:0,(anonymous_10)
FNDA:0,(anonymous_11)
FNDA:0,(anonymous_12)
FNDA:0,(anonymous_13)
FNDA:0,(anonymous_14)
FNDA:0,(anonymous_15)
FNDA:0,(anonymous_16)
DA:26,0
DA:27,0
DA:28,0
DA:29,0
DA:30,0
DA:31,0
DA:34,0
DA:44,0
DA:45,0
DA:46,0
DA:49,0
DA:50,0
DA:55,0
DA:56,0
DA:57,0
DA:58,0
DA:62,0
DA:63,0
DA:64,0
DA:66,0
DA:67,0
DA:70,0
DA:71,0
DA:74,0
DA:84,0
DA:87,0
DA:88,0
DA:93,0
DA:94,0
DA:98,0
DA:102,0
DA:106,0
DA:110,0
DA:120,0
DA:121,0
DA:122,0
DA:127,0
DA:130,0
DA:131,0
DA:134,0
DA:135,0
DA:136,0
DA:137,0
DA:140,0
DA:143,0
DA:144,0
DA:145,0
DA:146,0
DA:148,0
DA:152,0
DA:156,0
DA:157,0
DA:158,0
DA:181,0
DA:182,0
DA:183,0
DA:185,0
DA:188,0
DA:192,0
DA:193,0
DA:194,0
DA:196,0
DA:203,0
DA:207,0
DA:208,0
DA:209,0
DA:210,0
DA:212,0
DA:214,0
DA:215,0
DA:216,0
DA:218,0
DA:223,0
LF:73
LH:0
BRDA:66,0,0,0
BRDA:70,1,0,0
BRDA:80,2,0,0
BRDA:80,2,1,0
BRDA:81,3,0,0
BRDA:81,3,1,0
BRDA:81,3,2,0
BRDA:81,3,3,0
BRDA:87,4,0,0
BRDA:97,5,0,0
BRDA:101,6,0,0
BRDA:143,7,0,0
BRDA:143,7,1,0
BRDA:143,8,0,0
BRDA:143,8,1,0
BRDA:145,9,0,0
BRDA:145,9,1,0
BRDA:146,10,0,0
BRDA:146,10,1,0
BRDA:148,11,0,0
BRDA:148,11,1,0
BRDA:181,12,0,0
BRDA:181,12,1,0
BRDA:181,13,0,0
BRDA:181,13,1,0
BRDA:194,14,0,0
BRDA:194,14,1,0
BRDA:210,15,0,0
BRDA:210,15,1,0
BRF:29
BRH:0
end_of_record
TN:
SF:api/middleware/validation.ts
FN:5,(anonymous_0)
FN:81,(anonymous_1)
FN:83,(anonymous_2)
FN:105,(anonymous_3)
FN:108,(anonymous_4)
FN:134,(anonymous_5)
FNF:6
FNH:0
FNDA:0,(anonymous_0)
FNDA:0,(anonymous_1)
FNDA:0,(anonymous_2)
FNDA:0,(anonymous_3)
FNDA:0,(anonymous_4)
FNDA:0,(anonymous_5)
DA:5,0
DA:6,0
DA:7,0
DA:8,0
DA:13,0
DA:15,0
DA:19,0
DA:30,0
DA:52,0
DA:66,0
DA:81,0
DA:83,0
DA:84,0
DA:85,0
DA:87,0
DA:88,0
DA:89,0
DA:90,0
DA:92,0
DA:94,0
DA:97,0
DA:98,0
DA:99,0
DA:101,0
DA:105,0
DA:106,0
DA:108,0
DA:109,0
DA:110,0
DA:112,0
DA:114,0
DA:115,0
DA:116,0
DA:119,0
DA:120,0
DA:125,0
DA:128,0
DA:129,0
DA:134,0
DA:135,0
DA:136,0
DA:137,0
DA:138,0
DA:139,0
DA:141,0
DA:142,0
DA:145,0
LF:47
LH:0
BRDA:7,0,0,0
BRDA:84,1,0,0
BRDA:87,2,0,0
BRDA:87,3,0,0
BRDA:87,3,1,0
BRDA:109,4,0,0
BRDA:109,4,1,0
BRDA:114,5,0,0
BRDA:114,6,0,0
BRDA:114,6,1,0
BRDA:119,7,0,0
BRDA:141,8,0,0
BRF:12
BRH:0
end_of_record
TN:
SF:api/routes/auth.ts
FN:14,(anonymous_0)
FN:23,(anonymous_1)
FN:32,(anonymous_2)
FNF:3
FNH:0
FNDA:0,(anonymous_0)
FNDA:0,(anonymous_1)
FNDA:0,(anonymous_2)
DA:8,0
DA:14,0
DA:16,0
DA:23,0
DA:25,0
DA:32,0
DA:34,0
LF:7
LH:0
BRF:0
BRH:0
end_of_record
TN:
SF:api/routes/logs.ts
FN:15,(anonymous_0)
FN:16,(anonymous_1)
FN:22,(anonymous_2)
FN:28,(anonymous_3)
FN:36,(anonymous_4)
FN:49,(anonymous_5)
FN:100,(anonymous_6)
FN:127,(anonymous_7)
FN:138,(anonymous_8)
FN:143,(anonymous_9)
FN:152,(anonymous_10)
FN:170,(anonymous_11)
FN:187,(anonymous_12)
FN:200,(anonymous_13)
FN:202,(anonymous_14)
FN:244,(anonymous_15)
FNF:16
FNH:0
FNDA:0,(anonymous_0)
FNDA:0,(anonymous_1)
FNDA:0,(anonymous_2)
FNDA:0,(anonymous_3)
FNDA:0,(anonymous_4)
FNDA:0,(anonymous_5)
FNDA:0,(anonymous_6)
FNDA:0,(anonymous_7)
FNDA:0,(anonymous_8)
FNDA:0,(anonymous_9)
FNDA:0,(anonymous_10)
FNDA:0,(anonymous_11)
FNDA:0,(anonymous_12)
FNDA:0,(anonymous_13)
FNDA:0,(anonymous_14)
FNDA:0,(anonymous_15)
DA:6,0
DA:9,0
DA:15,0
DA:16,0
DA:17,0
DA:18,0
DA:19,0
DA:22,0
DA:23,0
DA:24,0
DA:25,0
DA:28,0
DA:29,0
DA:30,0
DA:36,0
DA:37,0
DA:38,0
DA:39,0
DA:40,0
DA:42,0
DA:44,0
DA:49,0
DA:50,0
DA:51,0
DA:52,0
DA:55,0
DA:57,0
DA:59,0
DA:60,0
DA:62,0
DA:63,0
DA:65,0
DA:66,0
DA:68,0
DA:71,0
DA:73,0
DA:80,0
DA:87,0
DA:92,0
DA:100,0
DA:101,0
DA:102,0
DA:104,0
DA:106,0
DA:122,0
DA:123,0
DA:124,0
DA:126,0
DA:127,0
DA:128,0
DA:129,0
DA:130,0
DA:131,0
DA:138,0
DA:140,0
DA:143,0
DA:146,0
DA:152,0
DA:157,0
DA:162,0
DA:170,0
DA:171,0
DA:172,0
DA:173,0
DA:175,0
DA:187,0
DA:188,0
DA:189,0
DA:193,0
DA:200,0
DA:201,0
DA:202,0
DA:203,0
DA:205,0
DA:209,0
DA:210,0
DA:215,0
DA:216,0
DA:219,0
DA:222,0
DA:227,0
DA:232,0
DA:244,0
DA:245,0
DA:246,0
DA:248,0
DA:255,0
DA:257,0
DA:258,0
DA:260,0
DA:261,0
DA:263,0
DA:264,0
DA:266,0
DA:269,0
DA:280,0
DA:285,0
LF:97
LH:0
BRDA:15,0,0,0
BRDA:17,1,0,0
BRDA:23,2,0,0
BRDA:38,3,0,0
BRDA:51,4,0,0
BRDA:51,5,0,0
BRDA:57,6,0,0
BRDA:57,6,1,0
BRDA:57,6,2,0
BRDA:57,6,3,0
BRDA:88,7,0,0
BRDA:88,7,1,0
BRDA:89,8,0,0
BRDA:89,8,1,0
BRDA:130,9,0,0
BRDA:130,10,0,0
BRDA:130,10,1,0
BRDA:158,11,0,0
BRDA:158,11,1,0
BRDA:159,12,0,0
BRDA:159,12,1,0
BRDA:200,13,0,0
BRDA:200,13,1,0
BRDA:202,14,0,0
BRDA:202,14,1,0
BRDA:219,15,0,0
BRDA:219,15,1,0
BRDA:220,16,0,0
BRDA:220,16,1,0
BRDA:228,17,0,0
BRDA:228,17,1,0
BRDA:229,18,0,0
BRDA:229,18,1,0
BRDA:246,19,0,0
BRDA:246,20,0,0
BRDA:255,21,0,0
BRDA:255,21,1,0
BRDA:255,21,2,0
BRDA:255,21,3,0
BRDA:281,22,0,0
BRDA:281,22,1,0
BRDA:282,23,0,0
BRDA:282,23,1,0
BRF:43
BRH:0
end_of_record
TN:
SF:api/routes/stocks.ts
FN:18,(anonymous_0)
FN:28,(anonymous_1)
FN:51,(anonymous_2)
FN:69,(anonymous_3)
FN:90,(anonymous_4)
FN:117,(anonymous_5)
FN:145,(anonymous_6)
FN:178,(anonymous_7)
FN:219,(anonymous_8)
FN:241,(anonymous_9)
FN:251,(anonymous_10)
FN:252,(anonymous_11)
FN:255,(anonymous_12)
FN:256,(anonymous_13)
FN:283,(anonymous_14)
FN:300,(anonymous_15)
FNF:16
FNH:0
FNDA:0,(anonymous_0)
FNDA:0,(anonymous_1)
FNDA:0,(anonymous_2)
FNDA:0,(anonymous_3)
FNDA:0,(anonymous_4)
FNDA:0,(anonymous_5)
FNDA:0,(anonymous_6)
FNDA:0,(anonymous_7)
FNDA:0,(anonymous_8)
FNDA:0,(anonymous_9)
FNDA:0,(anonymous_10)
FNDA:0,(anonymous_11)
FNDA:0,(anonymous_12)
FNDA:0,(anonymous_13)
FNDA:0,(anonymous_14)
FNDA:0,(anonymous_15)
DA:8,0
DA:9,0
DA:10,0
DA:13,0
DA:18,0
DA:19,0
DA:20,0
DA:21,0
DA:23,0
DA:28,0
DA:29,0
DA:31,0
DA:32,0
DA:36,0
DA:39,0
DA:40,0
DA:44,0
DA:47,0
DA:51,0
DA:52,0
DA:53,0
DA:54,0
DA:60,0
DA:61,0
DA:69,0
DA:70,0
DA:71,0
DA:72,0
DA:74,0
DA:81,0
DA:82,0
DA:90,0
DA:91,0
DA:92,0
DA:93,0
DA:95,0
DA:96,0
DA:100,0
DA:103,0
DA:108,0
DA:109,0
DA:117,0
DA:118,0
DA:119,0
DA:120,0
DA:122,0
DA:123,0
DA:128,0
DA:131,0
DA:136,0
DA:137,0
DA:145,0
DA:146,0
DA:147,0
DA:150,0
DA:152,0
DA:153,0
DA:158,0
DA:162,0
DA:164,0
DA:169,0
DA:170,0
DA:178,0
DA:179,0
DA:180,0
DA:183,0
DA:188,0
DA:189,0
DA:194,0
DA:198,0
DA:200,0
DA:210,0
DA:211,0
DA:219,0
DA:220,0
DA:221,0
DA:223,0
DA:224,0
DA:228,0
DA:231,0
DA:232,0
DA:236,0
DA:240,0
DA:242,0
DA:243,0
DA:244,0
DA:246,0
DA:250,0
DA:251,0
DA:252,0
DA:254,0
DA:255,0
DA:256,0
DA:261,0
DA:274,0
DA:275,0
DA:283,0
DA:284,0
DA:285,0
DA:286,0
DA:291,0
DA:292,0
DA:300,0
DA:301,0
DA:302,0
LF:105
LH:0
BRDA:20,0,0,0
BRDA:20,0,1,0
BRDA:31,1,0,0
BRDA:31,2,0,0
BRDA:31,2,1,0
BRDA:39,3,0,0
BRDA:63,4,0,0
BRDA:63,4,1,0
BRDA:78,5,0,0
BRDA:78,5,1,0
BRDA:84,6,0,0
BRDA:84,6,1,0
BRDA:95,7,0,0
BRDA:111,8,0,0
BRDA:111,8,1,0
BRDA:122,9,0,0
BRDA:139,10,0,0
BRDA:139,10,1,0
BRDA:152,11,0,0
BRDA:172,12,0,0
BRDA:172,12,1,0
BRDA:188,13,0,0
BRDA:213,14,0,0
BRDA:213,14,1,0
BRDA:223,15,0,0
BRDA:223,16,0,0
BRDA:223,16,1,0
BRDA:231,17,0,0
BRDA:243,18,0,0
BRDA:277,19,0,0
BRDA:277,19,1,0
BRDA:294,20,0,0
BRDA:294,20,1,0
BRF:33
BRH:0
end_of_record
TN:
SF:api/services/apiProvider.ts
FN:14,(anonymous_0)
FN:17,(anonymous_1)
FN:21,(anonymous_2)
FN:25,(anonymous_3)
FN:36,(anonymous_4)
FN:40,(anonymous_5)
FN:71,(anonymous_6)
FN:76,(anonymous_7)
FN:87,(anonymous_8)
FN:92,(anonymous_9)
FN:124,(anonymous_10)
FN:129,(anonymous_11)
FN:156,(anonymous_12)
FN:164,(anonymous_13)
FN:168,(anonymous_14)
FN:180,(anonymous_15)
FN:188,(anonymous_16)
FN:226,(anonymous_17)
FN:265,(anonymous_18)
FN:269,(anonymous_19)
FN:282,(anonymous_20)
FN:288,(anonymous_21)
FNF:22
FNH:0
FNDA:0,(anonymous_0)
FNDA:0,(anonymous_1)
FNDA:0,(anonymous_2)
FNDA:0,(anonymous_3)
FNDA:0,(anonymous_4)
FNDA:0,(anonymous_5)
FNDA:0,(anonymous_6)
FNDA:0,(anonymous_7)
FNDA:0,(anonymous_8)
FNDA:0,(anonymous_9)
FNDA:0,(anonymous_10)
FNDA:0,(anonymous_11)
FNDA:0,(anonymous_12)
FNDA:0,(anonymous_13)
FNDA:0,(anonymous_14)
FNDA:0,(anonymous_15)
FNDA:0,(anonymous_16)
FNDA:0,(anonymous_17)
FNDA:0,(anonymous_18)
FNDA:0,(anonymous_19)
FNDA:0,(anonymous_20)
FNDA:0,(anonymous_21)
DA:4,0
DA:15,0
DA:18,0
DA:22,0
DA:26,0
DA:27,0
DA:28,0
DA:30,0
DA:37,0
DA:38,0
DA:41,0
DA:42,0
DA:43,0
DA:50,0
DA:51,0
DA:53,0
DA:54,0
DA:55,0
DA:56,0
DA:58,0
DA:66,0
DA:67,0
DA:73,0
DA:77,0
DA:78,0
DA:79,0
DA:81,0
DA:88,0
DA:89,0
DA:90,0
DA:93,0
DA:94,0
DA:95,0
DA:104,0
DA:105,0
DA:107,0
DA:108,0
DA:109,0
DA:111,0
DA:119,0
DA:120,0
DA:126,0
DA:130,0
DA:131,0
DA:140,0
DA:142,0
DA:149,0
DA:150,0
DA:151,0
DA:157,0
DA:165,0
DA:169,0
DA:170,0
DA:172,0
DA:173,0
DA:174,0
DA:177,0
DA:181,0
DA:189,0
DA:192,0
DA:193,0
DA:194,0
DA:195,0
DA:199,0
DA:200,0
DA:201,0
DA:204,0
DA:205,0
DA:206,0
DA:207,0
DA:210,0
DA:211,0
DA:212,0
DA:213,0
DA:214,0
DA:217,0
DA:218,0
DA:222,0
DA:223,0
DA:227,0
DA:230,0
DA:231,0
DA:232,0
DA:233,0
DA:237,0
DA:238,0
DA:239,0
DA:242,0
DA:243,0
DA:244,0
DA:245,0
DA:248,0
DA:249,0
DA:250,0
DA:251,0
DA:252,0
DA:255,0
DA:256,0
DA:260,0
DA:261,0
DA:266,0
DA:268,0
DA:270,0
DA:271,0
DA:273,0
DA:278,0
DA:283,0
DA:284,0
DA:289,0
LF:109
LH:0
BRDA:51,0,0,0
BRDA:54,1,0,0
BRDA:54,1,1,0
BRDA:54,1,2,0
BRDA:55,2,0,0
BRDA:55,2,1,0
BRDA:56,3,0,0
BRDA:56,3,1,0
BRDA:62,4,0,0
BRDA:62,4,1,0
BRDA:66,5,0,0
BRDA:66,5,1,0
BRDA:89,6,0,0
BRDA:89,6,1,0
BRDA:105,7,0,0
BRDA:107,8,0,0
BRDA:107,8,1,0
BRDA:108,9,0,0
BRDA:108,9,1,0
BRDA:109,10,0,0
BRDA:109,10,1,0
BRDA:119,11,0,0
BRDA:119,11,1,0
BRDA:140,12,0,0
BRDA:140,12,1,0
BRDA:170,13,0,0
BRDA:172,14,0,0
BRDA:193,15,0,0
BRDA:205,16,0,0
BRDA:211,17,0,0
BRDA:211,18,0,0
BRDA:211,18,1,0
BRDA:217,19,0,0
BRDA:217,19,1,0
BRDA:231,20,0,0
BRDA:243,21,0,0
BRDA:249,22,0,0
BRDA:249,23,0,0
BRDA:249,23,1,0
BRDA:255,24,0,0
BRDA:255,24,1,0
BRF:41
BRH:0
end_of_record
TN:
SF:api/services/financialCalculator.ts
FN:38,(anonymous_0)
FN:56,(anonymous_1)
FN:67,(anonymous_2)
FN:72,(anonymous_3)
FN:77,(anonymous_4)
FN:104,(anonymous_5)
FN:125,(anonymous_6)
FN:155,(anonymous_7)
FN:189,(anonymous_8)
FN:241,(anonymous_9)
FN:296,(anonymous_10)
FNF:11
FNH:0
FNDA:0,(anonymous_0)
FNDA:0,(anonymous_1)
FNDA:0,(anonymous_2)
FNDA:0,(anonymous_3)
FNDA:0,(anonymous_4)
FNDA:0,(anonymous_5)
FNDA:0,(anonymous_6)
FNDA:0,(anonymous_7)
FNDA:0,(anonymous_8)
FNDA:0,(anonymous_9)
FNDA:0,(anonymous_10)
DA:39,0
DA:40,0
DA:41,0
DA:42,0
DA:44,0
DA:57,0
DA:68,0
DA:73,0
DA:78,0
DA:81,0
DA:84,0
DA:88,0
DA:91,0
DA:94,0
DA:106,0
DA:110,0
DA:114,0
DA:117,0
DA:127,0
DA:131,0
DA:135,0
DA:136,0
DA:137,0
DA:138,0
DA:140,0
DA:141,0
DA:142,0
DA:144,0
DA:145,0
DA:147,0
DA:156,0
DA:159,0
DA:160,0
DA:161,0
DA:164,0
DA:165,0
DA:167,0
DA:168,0
DA:171,0
DA:172,0
DA:173,0
DA:176,0
DA:177,0
DA:178,0
DA:181,0
DA:183,0
DA:184,0
DA:185,0
DA:190,0
DA:193,0
DA:194,0
DA:195,0
DA:198,0
DA:199,0
DA:201,0
DA:202,0
DA:204,0
DA:205,0
DA:206,0
DA:208,0
DA:211,0
DA:212,0
DA:213,0
DA:214,0
DA:216,0
DA:217,0
DA:218,0
DA:220,0
DA:223,0
DA:224,0
DA:226,0
DA:227,0
DA:230,0
DA:231,0
DA:232,0
DA:234,0
DA:235,0
DA:237,0
DA:242,0
DA:245,0
DA:246,0
DA:250,0
DA:251,0
DA:252,0
DA:253,0
DA:256,0
DA:257,0
DA:260,0
DA:261,0
DA:262,0
DA:263,0
DA:267,0
DA:268,0
DA:269,0
DA:270,0
DA:274,0
DA:275,0
DA:276,0
DA:277,0
DA:281,0
DA:282,0
DA:283,0
DA:284,0
DA:288,0
DA:289,0
DA:292,0
DA:297,0
LF:107
LH:0
BRDA:78,0,0,0
BRDA:78,0,1,0
BRDA:81,1,0,0
BRDA:81,1,1,0
BRDA:84,2,0,0
BRDA:84,2,1,0
BRDA:88,3,0,0
BRDA:88,3,1,0
BRDA:91,4,0,0
BRDA:91,4,1,0
BRDA:106,5,0,0
BRDA:106,5,1,0
BRDA:110,6,0,0
BRDA:110,6,1,0
BRDA:114,7,0,0
BRDA:114,7,1,0
BRDA:127,8,0,0
BRDA:127,8,1,0
BRDA:131,9,0,0
BRDA:131,9,1,0
BRDA:136,10,0,0
BRDA:136,10,1,0
BRDA:137,11,0,0
BRDA:137,11,1,0
BRDA:138,12,0,0
BRDA:140,13,0,0
BRDA:140,13,1,0
BRDA:141,14,0,0
BRDA:141,14,1,0
BRDA:142,15,0,0
BRDA:144,16,0,0
BRDA:145,17,0,0
BRDA:159,18,0,0
BRDA:159,18,1,0
BRDA:160,19,0,0
BRDA:160,19,1,0
BRDA:161,20,0,0
BRDA:164,21,0,0
BRDA:164,21,1,0
BRDA:165,22,0,0
BRDA:167,23,0,0
BRDA:167,23,1,0
BRDA:168,24,0,0
BRDA:171,25,0,0
BRDA:171,25,1,0
BRDA:172,26,0,0
BRDA:172,26,1,0
BRDA:173,27,0,0
BRDA:176,28,0,0
BRDA:176,28,1,0
BRDA:177,29,0,0
BRDA:177,29,1,0
BRDA:178,30,0,0
BRDA:181,31,0,0
BRDA:183,32,0,0
BRDA:184,33,0,0
BRDA:184,34,0,0
BRDA:184,34,1,0
BRDA:193,35,0,0
BRDA:193,35,1,0
BRDA:194,36,0,0
BRDA:194,36,1,0
BRDA:195,37,0,0
BRDA:198,38,0,0
BRDA:198,38,1,0
BRDA:199,39,0,0
BRDA:201,40,0,0
BRDA:201,40,1,0
BRDA:202,41,0,0
BRDA:204,42,0,0
BRDA:204,42,1,0
BRDA:205,43,0,0
BRDA:205,43,1,0
BRDA:206,44,0,0
BRDA:208,45,0,0
BRDA:211,46,0,0
BRDA:211,46,1,0
BRDA:212,47,0,0
BRDA:212,47,1,0
BRDA:213,48,0,0
BRDA:213,48,1,0
BRDA:214,49,0,0
BRDA:216,50,0,0
BRDA:216,50,1,0
BRDA:217,51,0,0
BRDA:217,51,1,0
BRDA:218,52,0,0
BRDA:220,53,0,0
BRDA:223,54,0,0
BRDA:223,54,1,0
BRDA:226,55,0,0
BRDA:226,55,1,0
BRDA:230,56,0,0
BRDA:230,56,1,0
BRDA:231,57,0,0
BRDA:231,57,1,0
BRDA:232,58,0,0
BRDA:234,59,0,0
BRDA:234,59,1,0
BRDA:235,60,0,0
BRDA:245,61,0,0
BRDA:250,62,0,0
BRDA:250,62,1,0
BRDA:252,63,0,0
BRDA:256,64,0,0
BRDA:260,65,0,0
BRDA:260,65,1,0
BRDA:262,66,0,0
BRDA:267,67,0,0
BRDA:267,67,1,0
BRDA:269,68,0,0
BRDA:274,69,0,0
BRDA:274,69,1,0
BRDA:276,70,0,0
BRDA:281,71,0,0
BRDA:281,71,1,0
BRDA:283,72,0,0
BRDA:288,73,0,0
BRF:118
BRH:0
end_of_record
TN:
SF:api/services/isYatirimScraper.ts
FN:31,(anonymous_0)
FN:35,(anonymous_1)
FN:70,(anonymous_2)
FN:85,(anonymous_3)
FN:108,(anonymous_4)
FN:110,(anonymous_5)
FN:117,(anonymous_6)
FN:126,(anonymous_7)
FN:126,(anonymous_8)
FN:146,(anonymous_9)
FN:163,(anonymous_10)
FN:205,(anonymous_11)
FN:227,(anonymous_12)
FN:237,(anonymous_13)
FN:262,(anonymous_14)
FN:290,(anonymous_15)
FN:336,(anonymous_16)
FN:341,(anonymous_17)
FN:370,(anonymous_18)
FNF:19
FNH:0
FNDA:0,(anonymous_0)
FNDA:0,(anonymous_1)
FNDA:0,(anonymous_2)
FNDA:0,(anonymous_3)
FNDA:0,(anonymous_4)
FNDA:0,(anonymous_5)
FNDA:0,(anonymous_6)
FNDA:0,(anonymous_7)
FNDA:0,(anonymous_8)
FNDA:0,(anonymous_9)
FNDA:0,(anonymous_10)
FNDA:0,(anonymous_11)
FNDA:0,(anonymous_12)
FNDA:0,(anonymous_13)
FNDA:0,(anonymous_14)
FNDA:0,(anonymous_15)
FNDA:0,(anonymous_16)
FNDA:0,(anonymous_17)
FNDA:0,(anonymous_18)
DA:32,0
DA:33,0
DA:36,0
DA:38,0
DA:39,0
DA:42,0
DA:44,0
DA:46,0
DA:58,0
DA:59,0
DA:62,0
DA:63,0
DA:65,0
DA:66,0
DA:71,0
DA:74,0
DA:76,0
DA:79,0
DA:81,0
DA:82,0
DA:86,0
DA:89,0
DA:108,0
DA:109,0
DA:110,0
DA:111,0
DA:114,0
DA:116,0
DA:117,0
DA:118,0
DA:119,0
DA:120,0
DA:123,0
DA:124,0
DA:126,0
DA:127,0
DA:128,0
DA:129,0
DA:130,0
DA:131,0
DA:132,0
DA:139,0
DA:143,0
DA:147,0
DA:149,0
DA:159,0
DA:160,0
DA:161,0
DA:162,0
DA:163,0
DA:164,0
DA:165,0
DA:166,0
DA:167,0
DA:168,0
DA:169,0
DA:172,0
DA:176,0
DA:178,0
DA:179,0
DA:180,0
DA:181,0
DA:182,0
DA:183,0
DA:188,0
DA:189,0
DA:198,0
DA:200,0
DA:201,0
DA:206,0
DA:207,0
DA:209,0
DA:210,0
DA:212,0
DA:217,0
DA:222,0
DA:223,0
DA:228,0
DA:229,0
DA:230,0
DA:232,0
DA:233,0
DA:239,0
DA:240,0
DA:242,0
DA:244,0
DA:246,0
DA:247,0
DA:250,0
DA:251,0
DA:254,0
DA:255,0
DA:259,0
DA:264,0
DA:265,0
DA:268,0
DA:270,0
DA:271,0
DA:272,0
DA:274,0
DA:281,0
DA:283,0
DA:286,0
DA:287,0
DA:289,0
DA:290,0
DA:291,0
DA:292,0
DA:293,0
DA:296,0
DA:297,0
DA:298,0
DA:299,0
DA:303,0
DA:304,0
DA:308,0
DA:309,0
DA:312,0
DA:336,0
DA:337,0
DA:338,0
DA:341,0
DA:342,0
DA:343,0
DA:346,0
DA:347,0
DA:349,0
DA:350,0
DA:351,0
DA:357,0
DA:360,0
DA:362,0
DA:364,0
DA:368,0
DA:369,0
DA:370,0
DA:375,0
DA:379,0
LF:138
LH:0
BRDA:38,0,0,0
BRDA:58,1,0,0
BRDA:71,2,0,0
BRDA:76,3,0,0
BRDA:76,4,0,0
BRDA:76,4,1,0
BRDA:82,5,0,0
BRDA:82,5,1,0
BRDA:114,6,0,0
BRDA:118,7,0,0
BRDA:124,8,0,0
BRDA:124,9,0,0
BRDA:124,9,1,0
BRDA:127,10,0,0
BRDA:129,11,0,0
BRDA:161,12,0,0
BRDA:164,13,0,0
BRDA:167,14,0,0
BRDA:167,15,0,0
BRDA:167,15,1,0
BRDA:167,15,2,0
BRDA:172,16,0,0
BRDA:176,17,0,0
BRDA:180,18,0,0
BRDA:180,19,0,0
BRDA:180,19,1,0
BRDA:182,20,0,0
BRDA:182,21,0,0
BRDA:182,21,1,0
BRDA:188,22,0,0
BRDA:240,23,0,0
BRDA:240,23,1,0
BRDA:254,24,0,0
BRDA:254,25,0,0
BRDA:254,25,1,0
BRDA:254,25,2,0
BRDA:262,26,0,0
BRDA:264,27,0,0
BRDA:291,28,0,0
BRDA:296,29,0,0
BRDA:296,30,0,0
BRDA:296,30,1,0
BRDA:303,31,0,0
BRDA:308,32,0,0
BRDA:308,32,1,0
BRDA:342,33,0,0
BRDA:347,34,0,0
BRDA:362,35,0,0
BRDA:364,36,0,0
BRDA:364,36,1,0
BRF:50
BRH:0
end_of_record
TN:
SF:api/services/stockScraper.ts
FN:32,(anonymous_0)
FN:36,(anonymous_1)
FN:59,(anonymous_2)
FN:67,(anonymous_3)
FN:88,(anonymous_4)
FN:177,(anonymous_5)
FN:194,(anonymous_6)
FN:230,(anonymous_7)
FN:334,(anonymous_8)
FN:340,(anonymous_9)
FN:351,(anonymous_10)
FN:351,(anonymous_11)
FN:385,(anonymous_12)
FN:427,(anonymous_13)
FN:465,(anonymous_14)
FNF:15
FNH:0
FNDA:0,(anonymous_0)
FNDA:0,(anonymous_1)
FNDA:0,(anonymous_2)
FNDA:0,(anonymous_3)
FNDA:0,(anonymous_4)
FNDA:0,(anonymous_5)
FNDA:0,(anonymous_6)
FNDA:0,(anonymous_7)
FNDA:0,(anonymous_8)
FNDA:0,(anonymous_9)
FNDA:0,(anonymous_10)
FNDA:0,(anonymous_11)
FNDA:0,(anonymous_12)
FNDA:0,(anonymous_13)
FNDA:0,(anonymous_14)
DA:33,0
DA:34,0
DA:37,0
DA:38,0
DA:56,0
DA:60,0
DA:61,0
DA:62,0
DA:68,0
DA:69,0
DA:70,0
DA:77,0
DA:79,0
DA:80,0
DA:82,0
DA:83,0
DA:89,0
DA:92,0
DA:93,0
DA:94,0
DA:96,0
DA:108,0
DA:109,0
DA:110,0
DA:114,0
DA:115,0
DA:116,0
DA:117,0
DA:121,0
DA:125,0
DA:127,0
DA:128,0
DA:129,0
DA:132,0
DA:133,0
DA:135,0
DA:136,0
DA:139,0
DA:145,0
DA:148,0
DA:149,0
DA:150,0
DA:152,0
DA:156,0
DA:157,0
DA:160,0
DA:164,0
DA:167,0
DA:169,0
DA:172,0
DA:175,0
DA:176,0
DA:177,0
DA:178,0
DA:181,0
DA:183,0
DA:184,0
DA:185,0
DA:187,0
DA:195,0
DA:196,0
DA:197,0
DA:204,0
DA:207,0
DA:208,0
DA:209,0
DA:211,0
DA:212,0
DA:213,0
DA:215,0
DA:224,0
DA:225,0
DA:232,0
DA:233,0
DA:234,0
DA:237,0
DA:329,0
DA:334,0
DA:335,0
DA:337,0
DA:338,0
DA:340,0
DA:341,0
DA:343,0
DA:344,0
DA:347,0
DA:348,0
DA:349,0
DA:351,0
DA:352,0
DA:353,0
DA:355,0
DA:361,0
DA:366,0
DA:367,0
DA:368,0
DA:373,0
DA:378,0
DA:382,0
DA:384,0
DA:385,0
DA:386,0
DA:387,0
DA:388,0
DA:389,0
DA:393,0
DA:394,0
DA:399,0
DA:401,0
DA:406,0
DA:428,0
DA:431,0
DA:432,0
DA:434,0
DA:438,0
DA:439,0
DA:440,0
DA:442,0
DA:445,0
DA:449,0
DA:450,0
DA:452,0
DA:456,0
DA:459,0
DA:461,0
DA:466,0
LF:126
LH:0
BRDA:37,0,0,0
BRDA:60,1,0,0
BRDA:88,2,0,0
BRDA:108,3,0,0
BRDA:110,4,0,0
BRDA:110,4,1,0
BRDA:110,4,2,0
BRDA:115,5,0,0
BRDA:160,6,0,0
BRDA:160,6,1,0
BRDA:160,6,2,0
BRDA:175,7,0,0
BRDA:183,8,0,0
BRDA:217,9,0,0
BRDA:217,9,1,0
BRDA:218,10,0,0
BRDA:218,10,1,0
BRDA:219,11,0,0
BRDA:219,11,1,0
BRDA:341,12,0,0
BRDA:347,13,0,0
BRDA:349,14,0,0
BRDA:349,15,0,0
BRDA:349,15,1,0
BRDA:352,16,0,0
BRDA:361,17,0,0
BRDA:361,17,1,0
BRDA:361,17,2,0
BRDA:361,17,3,0
BRDA:367,18,0,0
BRDA:373,19,0,0
BRDA:382,20,0,0
BRDA:388,21,0,0
BRDA:393,22,0,0
BRDA:399,23,0,0
BRDA:399,24,0,0
BRDA:399,24,1,0
BRDA:399,24,2,0
BRDA:410,25,0,0
BRDA:410,25,1,0
BRDA:411,26,0,0
BRDA:411,26,1,0
BRDA:412,27,0,0
BRDA:412,27,1,0
BRDA:413,28,0,0
BRDA:413,28,1,0
BRDA:414,29,0,0
BRDA:414,29,1,0
BRDA:415,30,0,0
BRDA:415,30,1,0
BRDA:416,31,0,0
BRDA:416,31,1,0
BRDA:417,32,0,0
BRDA:417,32,1,0
BRDA:418,33,0,0
BRDA:418,33,1,0
BRDA:419,34,0,0
BRDA:419,34,1,0
BRDA:420,35,0,0
BRDA:420,35,1,0
BRDA:421,36,0,0
BRDA:421,36,1,0
BRDA:428,37,0,0
BRDA:432,38,0,0
BRDA:438,39,0,0
BRDA:438,39,1,0
BRDA:440,40,0,0
BRDA:440,40,1,0
BRDA:440,41,0,0
BRDA:440,41,1,0
BRDA:440,41,2,0
BRDA:450,42,0,0
BRDA:450,43,0,0
BRDA:450,43,1,0
BRDA:450,43,2,0
BRDA:459,44,0,0
BRDA:459,45,0,0
BRDA:459,45,1,0
BRF:78
BRH:0
end_of_record
TN:
SF:api/utils/logger.ts
FN:75,(anonymous_0)
FN:86,(anonymous_1)
FN:94,(anonymous_2)
FNF:3
FNH:0
FNDA:0,(anonymous_0)
FNDA:0,(anonymous_1)
FNDA:0,(anonymous_2)
DA:6,0
DA:9,0
DA:56,0
DA:57,0
DA:67,0
DA:68,0
DA:75,0
DA:76,0
DA:86,0
DA:87,0
DA:94,0
DA:95,0
LF:12
LH:0
BRDA:10,0,0,0
BRDA:10,0,1,0
BRDA:56,1,0,0
BRDA:67,2,0,0
BRF:4
BRH:0
end_of_record
