TN:
SF:api/index.ts
FN:7,handler
FNF:1
FNH:0
FNDA:0,handler
DA:5,0
DA:7,0
DA:8,0
LF:3
LH:0
BRF:0
BRH:0
end_of_record
TN:
SF:api/middleware/cache.ts
FN:15,(anonymous_0)
FN:17,(anonymous_1)
FN:22,(anonymous_2)
FN:32,(anonymous_3)
FN:49,(anonymous_4)
FN:57,(anonymous_5)
FN:62,(anonymous_6)
FN:78,(anonymous_7)
FN:85,(anonymous_8)
FN:97,createCacheMiddleware
FN:98,(anonymous_10)
FN:119,(anonymous_11)
FN:142,invalidateCache
FN:143,(anonymous_13)
FN:146,(anonymous_14)
FN:147,(anonymous_15)
FN:158,getCacheStats
FN:172,(anonymous_17)
FN:176,(anonymous_18)
FNF:19
FNH:0
FNDA:0,(anonymous_0)
FNDA:0,(anonymous_1)
FNDA:0,(anonymous_2)
FNDA:0,(anonymous_3)
FNDA:0,(anonymous_4)
FNDA:0,(anonymous_5)
FNDA:0,(anonymous_6)
FNDA:0,(anonymous_7)
FNDA:0,(anonymous_8)
FNDA:0,createCacheMiddleware
FNDA:0,(anonymous_10)
FNDA:0,(anonymous_11)
FNDA:0,invalidateCache
FNDA:0,(anonymous_13)
FNDA:0,(anonymous_14)
FNDA:0,(anonymous_15)
FNDA:0,getCacheStats
FNDA:0,(anonymous_17)
FNDA:0,(anonymous_18)
DA:2,0
DA:12,0
DA:13,0
DA:17,0
DA:18,0
DA:23,0
DA:28,0
DA:29,0
DA:33,0
DA:34,0
DA:35,0
DA:38,0
DA:39,0
DA:40,0
DA:41,0
DA:42,0
DA:45,0
DA:46,0
DA:50,0
DA:51,0
DA:52,0
DA:54,0
DA:58,0
DA:59,0
DA:63,0
DA:64,0
DA:66,0
DA:67,0
DA:68,0
DA:69,0
DA:73,0
DA:74,0
DA:79,0
DA:86,0
DA:87,0
DA:89,0
DA:94,0
DA:97,0
DA:98,0
DA:100,0
DA:101,0
DA:105,0
DA:108,0
DA:109,0
DA:110,0
DA:111,0
DA:112,0
DA:116,0
DA:119,0
DA:121,0
DA:122,0
DA:123,0
DA:125,0
DA:128,0
DA:133,0
DA:136,0
DA:139,0
DA:142,0
DA:143,0
DA:144,0
DA:145,0
DA:146,0
DA:147,0
DA:148,0
DA:150,0
DA:151,0
DA:153,0
DA:158,0
DA:159,0
DA:160,0
DA:172,0
DA:173,0
DA:176,0
DA:177,0
LF:74
LH:0
BRDA:22,0,0,0
BRDA:34,1,0,0
BRDA:39,2,0,0
BRDA:51,3,0,0
BRDA:67,4,0,0
BRDA:73,5,0,0
BRDA:86,6,0,0
BRDA:97,7,0,0
BRDA:100,8,0,0
BRDA:105,9,0,0
BRDA:105,9,1,0
BRDA:109,10,0,0
BRDA:121,11,0,0
BRDA:121,12,0,0
BRDA:121,12,1,0
BRDA:144,13,0,0
BRDA:144,13,1,0
BRF:17
BRH:0
end_of_record
TN:
SF:api/middleware/monitoring.ts
FN:33,(anonymous_0)
FN:49,(anonymous_1)
FN:54,(anonymous_2)
FN:61,(anonymous_3)
FN:92,(anonymous_4)
FN:97,(anonymous_5)
FN:101,(anonymous_6)
FN:102,(anonymous_7)
FN:105,(anonymous_8)
FN:106,(anonymous_9)
FN:109,(anonymous_10)
FN:130,(anonymous_11)
FN:135,(anonymous_12)
FN:156,(anonymous_13)
FN:192,(anonymous_14)
FN:207,(anonymous_15)
FN:214,(anonymous_16)
FNF:17
FNH:0
FNDA:0,(anonymous_0)
FNDA:0,(anonymous_1)
FNDA:0,(anonymous_2)
FNDA:0,(anonymous_3)
FNDA:0,(anonymous_4)
FNDA:0,(anonymous_5)
FNDA:0,(anonymous_6)
FNDA:0,(anonymous_7)
FNDA:0,(anonymous_8)
FNDA:0,(anonymous_9)
FNDA:0,(anonymous_10)
FNDA:0,(anonymous_11)
FNDA:0,(anonymous_12)
FNDA:0,(anonymous_13)
FNDA:0,(anonymous_14)
FNDA:0,(anonymous_15)
FNDA:0,(anonymous_16)
DA:2,0
DA:26,0
DA:27,0
DA:28,0
DA:29,0
DA:30,0
DA:31,0
DA:34,0
DA:44,0
DA:45,0
DA:46,0
DA:49,0
DA:50,0
DA:55,0
DA:56,0
DA:57,0
DA:58,0
DA:62,0
DA:63,0
DA:64,0
DA:66,0
DA:67,0
DA:70,0
DA:71,0
DA:74,0
DA:84,0
DA:87,0
DA:88,0
DA:93,0
DA:94,0
DA:98,0
DA:102,0
DA:106,0
DA:110,0
DA:120,0
DA:121,0
DA:122,0
DA:127,0
DA:130,0
DA:131,0
DA:134,0
DA:135,0
DA:136,0
DA:137,0
DA:140,0
DA:143,0
DA:144,0
DA:145,0
DA:146,0
DA:148,0
DA:152,0
DA:156,0
DA:157,0
DA:158,0
DA:181,0
DA:182,0
DA:183,0
DA:185,0
DA:188,0
DA:192,0
DA:193,0
DA:194,0
DA:196,0
DA:203,0
DA:207,0
DA:208,0
DA:209,0
DA:210,0
DA:212,0
DA:214,0
DA:215,0
DA:216,0
DA:218,0
DA:223,0
LF:74
LH:0
BRDA:66,0,0,0
BRDA:70,1,0,0
BRDA:80,2,0,0
BRDA:80,2,1,0
BRDA:81,3,0,0
BRDA:81,3,1,0
BRDA:81,3,2,0
BRDA:81,3,3,0
BRDA:87,4,0,0
BRDA:97,5,0,0
BRDA:101,6,0,0
BRDA:143,7,0,0
BRDA:143,7,1,0
BRDA:143,8,0,0
BRDA:143,8,1,0
BRDA:145,9,0,0
BRDA:145,9,1,0
BRDA:146,10,0,0
BRDA:146,10,1,0
BRDA:148,11,0,0
BRDA:148,11,1,0
BRDA:181,12,0,0
BRDA:181,12,1,0
BRDA:181,13,0,0
BRDA:181,13,1,0
BRDA:194,14,0,0
BRDA:194,14,1,0
BRDA:210,15,0,0
BRDA:210,15,1,0
BRF:29
BRH:0
end_of_record
TN:
SF:api/middleware/validation.ts
FN:5,(anonymous_0)
FN:81,(anonymous_1)
FN:83,(anonymous_2)
FN:105,(anonymous_3)
FN:108,(anonymous_4)
FN:134,(anonymous_5)
FNF:6
FNH:0
FNDA:0,(anonymous_0)
FNDA:0,(anonymous_1)
FNDA:0,(anonymous_2)
FNDA:0,(anonymous_3)
FNDA:0,(anonymous_4)
FNDA:0,(anonymous_5)
DA:2,0
DA:5,0
DA:6,0
DA:7,0
DA:8,0
DA:13,0
DA:15,0
DA:19,0
DA:30,0
DA:52,0
DA:66,0
DA:81,0
DA:83,0
DA:84,0
DA:85,0
DA:87,0
DA:88,0
DA:89,0
DA:90,0
DA:92,0
DA:94,0
DA:97,0
DA:98,0
DA:99,0
DA:101,0
DA:105,0
DA:106,0
DA:108,0
DA:109,0
DA:110,0
DA:112,0
DA:114,0
DA:115,0
DA:116,0
DA:119,0
DA:120,0
DA:125,0
DA:128,0
DA:129,0
DA:134,0
DA:135,0
DA:136,0
DA:137,0
DA:138,0
DA:139,0
DA:141,0
DA:142,0
DA:145,0
LF:48
LH:0
BRDA:7,0,0,0
BRDA:84,1,0,0
BRDA:87,2,0,0
BRDA:87,3,0,0
BRDA:87,3,1,0
BRDA:109,4,0,0
BRDA:109,4,1,0
BRDA:114,5,0,0
BRDA:114,6,0,0
BRDA:114,6,1,0
BRDA:119,7,0,0
BRDA:141,8,0,0
BRF:12
BRH:0
end_of_record
TN:
SF:api/routes/auth.ts
FN:14,(anonymous_0)
FN:23,(anonymous_1)
FN:32,(anonymous_2)
FNF:3
FNH:0
FNDA:0,(anonymous_0)
FNDA:0,(anonymous_1)
FNDA:0,(anonymous_2)
DA:5,0
DA:8,0
DA:14,0
DA:16,0
DA:23,0
DA:25,0
DA:32,0
DA:34,0
DA:37,0
LF:9
LH:0
BRF:0
BRH:0
end_of_record
TN:
SF:api/routes/stocks.ts
FN:18,(anonymous_0)
FN:28,(anonymous_1)
FN:51,(anonymous_2)
FN:69,(anonymous_3)
FN:90,(anonymous_4)
FN:117,(anonymous_5)
FN:145,(anonymous_6)
FN:178,(anonymous_7)
FN:219,(anonymous_8)
FN:241,(anonymous_9)
FN:251,(anonymous_10)
FN:252,(anonymous_11)
FN:255,(anonymous_12)
FN:256,(anonymous_13)
FN:283,(anonymous_14)
FN:300,(anonymous_15)
FNF:16
FNH:0
FNDA:0,(anonymous_0)
FNDA:0,(anonymous_1)
FNDA:0,(anonymous_2)
FNDA:0,(anonymous_3)
FNDA:0,(anonymous_4)
FNDA:0,(anonymous_5)
FNDA:0,(anonymous_6)
FNDA:0,(anonymous_7)
FNDA:0,(anonymous_8)
FNDA:0,(anonymous_9)
FNDA:0,(anonymous_10)
FNDA:0,(anonymous_11)
FNDA:0,(anonymous_12)
FNDA:0,(anonymous_13)
FNDA:0,(anonymous_14)
FNDA:0,(anonymous_15)
DA:1,0
DA:2,0
DA:3,0
DA:4,0
DA:6,0
DA:8,0
DA:9,0
DA:10,0
DA:13,0
DA:18,0
DA:19,0
DA:20,0
DA:21,0
DA:23,0
DA:28,0
DA:29,0
DA:31,0
DA:32,0
DA:36,0
DA:39,0
DA:40,0
DA:44,0
DA:47,0
DA:51,0
DA:52,0
DA:53,0
DA:54,0
DA:60,0
DA:61,0
DA:69,0
DA:70,0
DA:71,0
DA:72,0
DA:74,0
DA:81,0
DA:82,0
DA:90,0
DA:91,0
DA:92,0
DA:93,0
DA:95,0
DA:96,0
DA:100,0
DA:103,0
DA:108,0
DA:109,0
DA:117,0
DA:118,0
DA:119,0
DA:120,0
DA:122,0
DA:123,0
DA:128,0
DA:131,0
DA:136,0
DA:137,0
DA:145,0
DA:146,0
DA:147,0
DA:150,0
DA:152,0
DA:153,0
DA:158,0
DA:162,0
DA:164,0
DA:169,0
DA:170,0
DA:178,0
DA:179,0
DA:180,0
DA:183,0
DA:188,0
DA:189,0
DA:194,0
DA:198,0
DA:200,0
DA:210,0
DA:211,0
DA:219,0
DA:220,0
DA:221,0
DA:223,0
DA:224,0
DA:228,0
DA:231,0
DA:232,0
DA:236,0
DA:240,0
DA:242,0
DA:243,0
DA:244,0
DA:246,0
DA:250,0
DA:251,0
DA:252,0
DA:254,0
DA:255,0
DA:256,0
DA:261,0
DA:274,0
DA:275,0
DA:283,0
DA:284,0
DA:285,0
DA:286,0
DA:291,0
DA:292,0
DA:300,0
DA:301,0
DA:302,0
DA:309,0
LF:111
LH:0
BRDA:20,0,0,0
BRDA:20,0,1,0
BRDA:31,1,0,0
BRDA:31,2,0,0
BRDA:31,2,1,0
BRDA:39,3,0,0
BRDA:63,4,0,0
BRDA:63,4,1,0
BRDA:78,5,0,0
BRDA:78,5,1,0
BRDA:84,6,0,0
BRDA:84,6,1,0
BRDA:95,7,0,0
BRDA:111,8,0,0
BRDA:111,8,1,0
BRDA:122,9,0,0
BRDA:139,10,0,0
BRDA:139,10,1,0
BRDA:152,11,0,0
BRDA:172,12,0,0
BRDA:172,12,1,0
BRDA:188,13,0,0
BRDA:213,14,0,0
BRDA:213,14,1,0
BRDA:223,15,0,0
BRDA:223,16,0,0
BRDA:223,16,1,0
BRDA:231,17,0,0
BRDA:243,18,0,0
BRDA:277,19,0,0
BRDA:277,19,1,0
BRDA:294,20,0,0
BRDA:294,20,1,0
BRF:33
BRH:0
end_of_record
TN:
SF:api/services/apiProvider.ts
FN:14,(anonymous_0)
FN:17,(anonymous_1)
FN:21,(anonymous_2)
FN:25,(anonymous_3)
FN:36,(anonymous_4)
FN:40,(anonymous_5)
FN:71,(anonymous_6)
FN:76,(anonymous_7)
FN:87,(anonymous_8)
FN:92,(anonymous_9)
FN:124,(anonymous_10)
FN:129,(anonymous_11)
FN:156,(anonymous_12)
FN:164,(anonymous_13)
FN:168,(anonymous_14)
FN:180,(anonymous_15)
FN:188,(anonymous_16)
FN:226,(anonymous_17)
FN:265,(anonymous_18)
FN:269,(anonymous_19)
FN:282,(anonymous_20)
FN:288,(anonymous_21)
FNF:22
FNH:0
FNDA:0,(anonymous_0)
FNDA:0,(anonymous_1)
FNDA:0,(anonymous_2)
FNDA:0,(anonymous_3)
FNDA:0,(anonymous_4)
FNDA:0,(anonymous_5)
FNDA:0,(anonymous_6)
FNDA:0,(anonymous_7)
FNDA:0,(anonymous_8)
FNDA:0,(anonymous_9)
FNDA:0,(anonymous_10)
FNDA:0,(anonymous_11)
FNDA:0,(anonymous_12)
FNDA:0,(anonymous_13)
FNDA:0,(anonymous_14)
FNDA:0,(anonymous_15)
FNDA:0,(anonymous_16)
FNDA:0,(anonymous_17)
FNDA:0,(anonymous_18)
FNDA:0,(anonymous_19)
FNDA:0,(anonymous_20)
FNDA:0,(anonymous_21)
DA:1,0
DA:2,0
DA:4,0
DA:15,0
DA:18,0
DA:22,0
DA:26,0
DA:27,0
DA:28,0
DA:30,0
DA:37,0
DA:38,0
DA:41,0
DA:42,0
DA:43,0
DA:50,0
DA:51,0
DA:53,0
DA:54,0
DA:55,0
DA:56,0
DA:58,0
DA:66,0
DA:67,0
DA:73,0
DA:77,0
DA:78,0
DA:79,0
DA:81,0
DA:88,0
DA:89,0
DA:90,0
DA:93,0
DA:94,0
DA:95,0
DA:104,0
DA:105,0
DA:107,0
DA:108,0
DA:109,0
DA:111,0
DA:119,0
DA:120,0
DA:126,0
DA:130,0
DA:131,0
DA:140,0
DA:142,0
DA:149,0
DA:150,0
DA:151,0
DA:157,0
DA:165,0
DA:169,0
DA:170,0
DA:172,0
DA:173,0
DA:174,0
DA:177,0
DA:181,0
DA:189,0
DA:192,0
DA:193,0
DA:194,0
DA:195,0
DA:199,0
DA:200,0
DA:201,0
DA:204,0
DA:205,0
DA:206,0
DA:207,0
DA:210,0
DA:211,0
DA:212,0
DA:213,0
DA:214,0
DA:217,0
DA:218,0
DA:222,0
DA:223,0
DA:227,0
DA:230,0
DA:231,0
DA:232,0
DA:233,0
DA:237,0
DA:238,0
DA:239,0
DA:242,0
DA:243,0
DA:244,0
DA:245,0
DA:248,0
DA:249,0
DA:250,0
DA:251,0
DA:252,0
DA:255,0
DA:256,0
DA:260,0
DA:261,0
DA:266,0
DA:268,0
DA:270,0
DA:271,0
DA:273,0
DA:278,0
DA:283,0
DA:284,0
DA:289,0
DA:296,0
LF:112
LH:0
BRDA:51,0,0,0
BRDA:54,1,0,0
BRDA:54,1,1,0
BRDA:54,1,2,0
BRDA:55,2,0,0
BRDA:55,2,1,0
BRDA:56,3,0,0
BRDA:56,3,1,0
BRDA:62,4,0,0
BRDA:62,4,1,0
BRDA:66,5,0,0
BRDA:66,5,1,0
BRDA:89,6,0,0
BRDA:89,6,1,0
BRDA:105,7,0,0
BRDA:107,8,0,0
BRDA:107,8,1,0
BRDA:108,9,0,0
BRDA:108,9,1,0
BRDA:109,10,0,0
BRDA:109,10,1,0
BRDA:119,11,0,0
BRDA:119,11,1,0
BRDA:140,12,0,0
BRDA:140,12,1,0
BRDA:170,13,0,0
BRDA:172,14,0,0
BRDA:193,15,0,0
BRDA:205,16,0,0
BRDA:211,17,0,0
BRDA:211,18,0,0
BRDA:211,18,1,0
BRDA:217,19,0,0
BRDA:217,19,1,0
BRDA:231,20,0,0
BRDA:243,21,0,0
BRDA:249,22,0,0
BRDA:249,23,0,0
BRDA:249,23,1,0
BRDA:255,24,0,0
BRDA:255,24,1,0
BRF:41
BRH:0
end_of_record
TN:
SF:api/services/financialCalculator.ts
FN:38,(anonymous_0)
FN:56,(anonymous_1)
FN:67,(anonymous_2)
FN:72,(anonymous_3)
FN:77,(anonymous_4)
FN:104,(anonymous_5)
FN:125,(anonymous_6)
FN:155,(anonymous_7)
FN:189,(anonymous_8)
FN:241,(anonymous_9)
FN:296,(anonymous_10)
FNF:11
FNH:0
FNDA:0,(anonymous_0)
FNDA:0,(anonymous_1)
FNDA:0,(anonymous_2)
FNDA:0,(anonymous_3)
FNDA:0,(anonymous_4)
FNDA:0,(anonymous_5)
FNDA:0,(anonymous_6)
FNDA:0,(anonymous_7)
FNDA:0,(anonymous_8)
FNDA:0,(anonymous_9)
FNDA:0,(anonymous_10)
DA:35,0
DA:39,0
DA:40,0
DA:41,0
DA:42,0
DA:44,0
DA:57,0
DA:68,0
DA:73,0
DA:78,0
DA:81,0
DA:84,0
DA:88,0
DA:91,0
DA:94,0
DA:106,0
DA:110,0
DA:114,0
DA:117,0
DA:127,0
DA:131,0
DA:135,0
DA:136,0
DA:137,0
DA:138,0
DA:140,0
DA:141,0
DA:142,0
DA:144,0
DA:145,0
DA:147,0
DA:156,0
DA:159,0
DA:160,0
DA:161,0
DA:164,0
DA:165,0
DA:167,0
DA:168,0
DA:171,0
DA:172,0
DA:173,0
DA:176,0
DA:177,0
DA:178,0
DA:181,0
DA:183,0
DA:184,0
DA:185,0
DA:190,0
DA:193,0
DA:194,0
DA:195,0
DA:198,0
DA:199,0
DA:201,0
DA:202,0
DA:204,0
DA:205,0
DA:206,0
DA:208,0
DA:211,0
DA:212,0
DA:213,0
DA:214,0
DA:216,0
DA:217,0
DA:218,0
DA:220,0
DA:223,0
DA:224,0
DA:226,0
DA:227,0
DA:230,0
DA:231,0
DA:232,0
DA:234,0
DA:235,0
DA:237,0
DA:242,0
DA:245,0
DA:246,0
DA:250,0
DA:251,0
DA:252,0
DA:253,0
DA:256,0
DA:257,0
DA:260,0
DA:261,0
DA:262,0
DA:263,0
DA:267,0
DA:268,0
DA:269,0
DA:270,0
DA:274,0
DA:275,0
DA:276,0
DA:277,0
DA:281,0
DA:282,0
DA:283,0
DA:284,0
DA:288,0
DA:289,0
DA:292,0
DA:297,0
DA:327,0
LF:109
LH:0
BRDA:78,0,0,0
BRDA:78,0,1,0
BRDA:81,1,0,0
BRDA:81,1,1,0
BRDA:84,2,0,0
BRDA:84,2,1,0
BRDA:88,3,0,0
BRDA:88,3,1,0
BRDA:91,4,0,0
BRDA:91,4,1,0
BRDA:106,5,0,0
BRDA:106,5,1,0
BRDA:110,6,0,0
BRDA:110,6,1,0
BRDA:114,7,0,0
BRDA:114,7,1,0
BRDA:127,8,0,0
BRDA:127,8,1,0
BRDA:131,9,0,0
BRDA:131,9,1,0
BRDA:136,10,0,0
BRDA:136,10,1,0
BRDA:137,11,0,0
BRDA:137,11,1,0
BRDA:138,12,0,0
BRDA:140,13,0,0
BRDA:140,13,1,0
BRDA:141,14,0,0
BRDA:141,14,1,0
BRDA:142,15,0,0
BRDA:144,16,0,0
BRDA:145,17,0,0
BRDA:159,18,0,0
BRDA:159,18,1,0
BRDA:160,19,0,0
BRDA:160,19,1,0
BRDA:161,20,0,0
BRDA:164,21,0,0
BRDA:164,21,1,0
BRDA:165,22,0,0
BRDA:167,23,0,0
BRDA:167,23,1,0
BRDA:168,24,0,0
BRDA:171,25,0,0
BRDA:171,25,1,0
BRDA:172,26,0,0
BRDA:172,26,1,0
BRDA:173,27,0,0
BRDA:176,28,0,0
BRDA:176,28,1,0
BRDA:177,29,0,0
BRDA:177,29,1,0
BRDA:178,30,0,0
BRDA:181,31,0,0
BRDA:183,32,0,0
BRDA:184,33,0,0
BRDA:184,34,0,0
BRDA:184,34,1,0
BRDA:193,35,0,0
BRDA:193,35,1,0
BRDA:194,36,0,0
BRDA:194,36,1,0
BRDA:195,37,0,0
BRDA:198,38,0,0
BRDA:198,38,1,0
BRDA:199,39,0,0
BRDA:201,40,0,0
BRDA:201,40,1,0
BRDA:202,41,0,0
BRDA:204,42,0,0
BRDA:204,42,1,0
BRDA:205,43,0,0
BRDA:205,43,1,0
BRDA:206,44,0,0
BRDA:208,45,0,0
BRDA:211,46,0,0
BRDA:211,46,1,0
BRDA:212,47,0,0
BRDA:212,47,1,0
BRDA:213,48,0,0
BRDA:213,48,1,0
BRDA:214,49,0,0
BRDA:216,50,0,0
BRDA:216,50,1,0
BRDA:217,51,0,0
BRDA:217,51,1,0
BRDA:218,52,0,0
BRDA:220,53,0,0
BRDA:223,54,0,0
BRDA:223,54,1,0
BRDA:226,55,0,0
BRDA:226,55,1,0
BRDA:230,56,0,0
BRDA:230,56,1,0
BRDA:231,57,0,0
BRDA:231,57,1,0
BRDA:232,58,0,0
BRDA:234,59,0,0
BRDA:234,59,1,0
BRDA:235,60,0,0
BRDA:245,61,0,0
BRDA:250,62,0,0
BRDA:250,62,1,0
BRDA:252,63,0,0
BRDA:256,64,0,0
BRDA:260,65,0,0
BRDA:260,65,1,0
BRDA:262,66,0,0
BRDA:267,67,0,0
BRDA:267,67,1,0
BRDA:269,68,0,0
BRDA:274,69,0,0
BRDA:274,69,1,0
BRDA:276,70,0,0
BRDA:281,71,0,0
BRDA:281,71,1,0
BRDA:283,72,0,0
BRDA:288,73,0,0
BRF:118
BRH:0
end_of_record
TN:
SF:api/services/stockScraper.ts
FN:32,(anonymous_0)
FN:36,(anonymous_1)
FN:59,(anonymous_2)
FN:67,(anonymous_3)
FN:88,(anonymous_4)
FN:177,(anonymous_5)
FN:194,(anonymous_6)
FN:230,(anonymous_7)
FN:334,(anonymous_8)
FN:340,(anonymous_9)
FN:351,(anonymous_10)
FN:351,(anonymous_11)
FN:385,(anonymous_12)
FN:427,(anonymous_13)
FN:465,(anonymous_14)
FNF:15
FNH:0
FNDA:0,(anonymous_0)
FNDA:0,(anonymous_1)
FNDA:0,(anonymous_2)
FNDA:0,(anonymous_3)
FNDA:0,(anonymous_4)
FNDA:0,(anonymous_5)
FNDA:0,(anonymous_6)
FNDA:0,(anonymous_7)
FNDA:0,(anonymous_8)
FNDA:0,(anonymous_9)
FNDA:0,(anonymous_10)
FNDA:0,(anonymous_11)
FNDA:0,(anonymous_12)
FNDA:0,(anonymous_13)
FNDA:0,(anonymous_14)
DA:1,0
DA:2,0
DA:3,0
DA:32,0
DA:33,0
DA:34,0
DA:37,0
DA:38,0
DA:56,0
DA:60,0
DA:61,0
DA:62,0
DA:68,0
DA:69,0
DA:70,0
DA:77,0
DA:79,0
DA:80,0
DA:82,0
DA:83,0
DA:89,0
DA:92,0
DA:93,0
DA:94,0
DA:96,0
DA:108,0
DA:109,0
DA:110,0
DA:114,0
DA:115,0
DA:116,0
DA:117,0
DA:121,0
DA:125,0
DA:127,0
DA:128,0
DA:129,0
DA:132,0
DA:133,0
DA:135,0
DA:136,0
DA:139,0
DA:145,0
DA:148,0
DA:149,0
DA:150,0
DA:152,0
DA:156,0
DA:157,0
DA:160,0
DA:164,0
DA:167,0
DA:169,0
DA:172,0
DA:175,0
DA:176,0
DA:177,0
DA:178,0
DA:181,0
DA:183,0
DA:184,0
DA:185,0
DA:187,0
DA:195,0
DA:196,0
DA:197,0
DA:204,0
DA:207,0
DA:208,0
DA:209,0
DA:211,0
DA:212,0
DA:213,0
DA:215,0
DA:224,0
DA:225,0
DA:232,0
DA:233,0
DA:234,0
DA:237,0
DA:329,0
DA:334,0
DA:335,0
DA:337,0
DA:338,0
DA:340,0
DA:341,0
DA:343,0
DA:344,0
DA:347,0
DA:348,0
DA:349,0
DA:351,0
DA:352,0
DA:353,0
DA:355,0
DA:361,0
DA:366,0
DA:367,0
DA:368,0
DA:373,0
DA:378,0
DA:382,0
DA:384,0
DA:385,0
DA:386,0
DA:387,0
DA:388,0
DA:389,0
DA:393,0
DA:394,0
DA:399,0
DA:401,0
DA:406,0
DA:428,0
DA:431,0
DA:432,0
DA:434,0
DA:438,0
DA:439,0
DA:440,0
DA:442,0
DA:445,0
DA:449,0
DA:450,0
DA:452,0
DA:456,0
DA:459,0
DA:461,0
DA:466,0
DA:475,0
LF:131
LH:0
BRDA:37,0,0,0
BRDA:60,1,0,0
BRDA:88,2,0,0
BRDA:108,3,0,0
BRDA:110,4,0,0
BRDA:110,4,1,0
BRDA:110,4,2,0
BRDA:115,5,0,0
BRDA:160,6,0,0
BRDA:160,6,1,0
BRDA:160,6,2,0
BRDA:175,7,0,0
BRDA:183,8,0,0
BRDA:217,9,0,0
BRDA:217,9,1,0
BRDA:218,10,0,0
BRDA:218,10,1,0
BRDA:219,11,0,0
BRDA:219,11,1,0
BRDA:341,12,0,0
BRDA:347,13,0,0
BRDA:349,14,0,0
BRDA:349,15,0,0
BRDA:349,15,1,0
BRDA:352,16,0,0
BRDA:361,17,0,0
BRDA:361,17,1,0
BRDA:361,17,2,0
BRDA:361,17,3,0
BRDA:367,18,0,0
BRDA:373,19,0,0
BRDA:382,20,0,0
BRDA:388,21,0,0
BRDA:393,22,0,0
BRDA:399,23,0,0
BRDA:399,24,0,0
BRDA:399,24,1,0
BRDA:399,24,2,0
BRDA:410,25,0,0
BRDA:410,25,1,0
BRDA:411,26,0,0
BRDA:411,26,1,0
BRDA:412,27,0,0
BRDA:412,27,1,0
BRDA:413,28,0,0
BRDA:413,28,1,0
BRDA:414,29,0,0
BRDA:414,29,1,0
BRDA:415,30,0,0
BRDA:415,30,1,0
BRDA:416,31,0,0
BRDA:416,31,1,0
BRDA:417,32,0,0
BRDA:417,32,1,0
BRDA:418,33,0,0
BRDA:418,33,1,0
BRDA:419,34,0,0
BRDA:419,34,1,0
BRDA:420,35,0,0
BRDA:420,35,1,0
BRDA:421,36,0,0
BRDA:421,36,1,0
BRDA:428,37,0,0
BRDA:432,38,0,0
BRDA:438,39,0,0
BRDA:438,39,1,0
BRDA:440,40,0,0
BRDA:440,40,1,0
BRDA:440,41,0,0
BRDA:440,41,1,0
BRDA:440,41,2,0
BRDA:450,42,0,0
BRDA:450,43,0,0
BRDA:450,43,1,0
BRDA:450,43,2,0
BRDA:459,44,0,0
BRDA:459,45,0,0
BRDA:459,45,1,0
BRF:78
BRH:0
end_of_record
TN:
SF:api/types/portMonitor.ts
FN:27,(anonymous_0)
FN:54,(anonymous_1)
FN:73,(anonymous_2)
FN:112,(anonymous_3)
FNF:4
FNH:0
FNDA:0,(anonymous_0)
FNDA:0,(anonymous_1)
FNDA:0,(anonymous_2)
FNDA:0,(anonymous_3)
DA:27,0
DA:28,0
DA:29,0
DA:30,0
DA:31,0
DA:54,0
DA:55,0
DA:56,0
DA:57,0
DA:58,0
DA:73,0
DA:74,0
DA:75,0
DA:76,0
DA:112,0
DA:113,0
DA:114,0
DA:115,0
DA:116,0
DA:117,0
DA:118,0
DA:119,0
DA:120,0
LF:23
LH:0
BRDA:27,0,0,0
BRDA:27,0,1,0
BRDA:54,1,0,0
BRDA:54,1,1,0
BRDA:73,2,0,0
BRDA:73,2,1,0
BRDA:112,3,0,0
BRDA:112,3,1,0
BRF:8
BRH:0
end_of_record
TN:
SF:src/setupTests.ts
FN:4,(anonymous_0)
FN:15,(anonymous_1)
FN:21,(anonymous_2)
FN:37,(anonymous_3)
FN:50,(anonymous_4)
FN:58,(anonymous_5)
FN:59,(anonymous_6)
FN:70,(anonymous_7)
FNF:8
FNH:0
FNDA:0,(anonymous_0)
FNDA:0,(anonymous_1)
FNDA:0,(anonymous_2)
FNDA:0,(anonymous_3)
FNDA:0,(anonymous_4)
FNDA:0,(anonymous_5)
FNDA:0,(anonymous_6)
FNDA:0,(anonymous_7)
DA:1,0
DA:4,0
DA:5,0
DA:14,0
DA:15,0
DA:21,0
DA:35,0
DA:37,0
DA:50,0
DA:57,0
DA:58,0
DA:59,0
DA:60,0
DA:64,0
DA:66,0
DA:70,0
DA:71,0
LF:17
LH:0
BRDA:60,0,0,0
BRDA:61,1,0,0
BRDA:61,1,1,0
BRF:3
BRH:0
end_of_record
TN:
SF:src/components/Empty.tsx
FN:4,Empty
FNF:1
FNH:0
FNDA:0,Empty
DA:1,0
DA:4,0
DA:5,0
LF:3
LH:0
BRF:0
BRH:0
end_of_record
TN:
SF:src/config/financialFields.ts
FN:275,(anonymous_0)
FN:276,(anonymous_1)
FN:280,(anonymous_2)
FN:281,(anonymous_3)
FN:285,(anonymous_4)
FN:286,(anonymous_5)
FNF:6
FNH:0
FNDA:0,(anonymous_0)
FNDA:0,(anonymous_1)
FNDA:0,(anonymous_2)
FNDA:0,(anonymous_3)
FNDA:0,(anonymous_4)
FNDA:0,(anonymous_5)
DA:10,0
DA:275,0
DA:276,0
DA:280,0
DA:281,0
DA:285,0
DA:286,0
DA:290,0
DA:298,0
LF:9
LH:0
BRF:0
BRH:0
end_of_record
TN:
SF:src/hooks/useAIPatterns.ts
FN:112,(anonymous_0)
FN:134,(anonymous_1)
FN:198,(anonymous_2)
FN:251,(anonymous_3)
FN:297,(anonymous_4)
FN:329,(anonymous_5)
FN:352,(anonymous_6)
FN:362,(anonymous_7)
FN:367,(anonymous_8)
FN:368,(anonymous_9)
FN:371,(anonymous_10)
FN:372,(anonymous_11)
FN:375,(anonymous_12)
FN:379,(anonymous_13)
FNF:14
FNH:0
FNDA:0,(anonymous_0)
FNDA:0,(anonymous_1)
FNDA:0,(anonymous_2)
FNDA:0,(anonymous_3)
FNDA:0,(anonymous_4)
FNDA:0,(anonymous_5)
FNDA:0,(anonymous_6)
FNDA:0,(anonymous_7)
FNDA:0,(anonymous_8)
FNDA:0,(anonymous_9)
FNDA:0,(anonymous_10)
FNDA:0,(anonymous_11)
FNDA:0,(anonymous_12)
FNDA:0,(anonymous_13)
DA:1,0
DA:112,0
DA:114,0
DA:115,0
DA:116,0
DA:117,0
DA:119,0
DA:120,0
DA:121,0
DA:122,0
DA:124,0
DA:127,0
DA:128,0
DA:131,0
DA:134,0
DA:140,0
DA:144,0
DA:147,0
DA:148,0
DA:150,0
DA:151,0
DA:155,0
DA:156,0
DA:159,0
DA:161,0
DA:162,0
DA:163,0
DA:164,0
DA:166,0
DA:169,0
DA:170,0
DA:171,0
DA:174,0
DA:175,0
DA:193,0
DA:198,0
DA:199,0
DA:200,0
DA:202,0
DA:203,0
DA:207,0
DA:208,0
DA:211,0
DA:213,0
DA:214,0
DA:216,0
DA:219,0
DA:220,0
DA:221,0
DA:224,0
DA:225,0
DA:246,0
DA:251,0
DA:252,0
DA:253,0
DA:255,0
DA:256,0
DA:258,0
DA:259,0
DA:262,0
DA:264,0
DA:265,0
DA:267,0
DA:270,0
DA:271,0
DA:272,0
DA:275,0
DA:276,0
DA:292,0
DA:297,0
DA:298,0
DA:299,0
DA:301,0
DA:302,0
DA:304,0
DA:305,0
DA:308,0
DA:310,0
DA:311,0
DA:313,0
DA:314,0
DA:315,0
DA:317,0
DA:320,0
DA:321,0
DA:322,0
DA:324,0
DA:329,0
DA:330,0
DA:331,0
DA:335,0
DA:336,0
DA:340,0
DA:341,0
DA:342,0
DA:343,0
DA:344,0
DA:345,0
DA:347,0
DA:352,0
DA:353,0
DA:354,0
DA:355,0
DA:356,0
DA:357,0
DA:358,0
DA:362,0
DA:363,0
DA:367,0
DA:368,0
DA:371,0
DA:372,0
DA:375,0
DA:376,0
DA:379,0
DA:380,0
DA:382,0
DA:389,0
DA:422,0
LF:119
LH:0
BRDA:136,0,0,0
BRDA:137,1,0,0
BRDA:140,2,0,0
BRDA:140,3,0,0
BRDA:140,3,1,0
BRDA:140,3,2,0
BRDA:140,3,3,0
BRDA:155,4,0,0
BRDA:161,5,0,0
BRDA:161,5,1,0
BRDA:162,6,0,0
BRDA:162,6,1,0
BRDA:166,7,0,0
BRDA:166,7,1,0
BRDA:169,8,0,0
BRDA:169,8,1,0
BRDA:174,9,0,0
BRDA:198,10,0,0
BRDA:207,11,0,0
BRDA:213,12,0,0
BRDA:213,12,1,0
BRDA:216,13,0,0
BRDA:216,13,1,0
BRDA:219,14,0,0
BRDA:219,14,1,0
BRDA:224,15,0,0
BRDA:258,16,0,0
BRDA:264,17,0,0
BRDA:264,17,1,0
BRDA:267,18,0,0
BRDA:267,18,1,0
BRDA:270,19,0,0
BRDA:270,19,1,0
BRDA:275,20,0,0
BRDA:297,21,0,0
BRDA:304,22,0,0
BRDA:310,23,0,0
BRDA:310,23,1,0
BRDA:313,24,0,0
BRDA:313,24,1,0
BRDA:317,25,0,0
BRDA:317,25,1,0
BRDA:320,26,0,0
BRDA:320,26,1,0
BRDA:335,27,0,0
BRDA:376,28,0,0
BRDA:376,28,1,0
BRDA:380,29,0,0
BRDA:380,30,0,0
BRDA:380,30,1,0
BRF:50
BRH:0
end_of_record
TN:
SF:src/hooks/usePatternRecognition.ts
FN:62,(anonymous_0)
FN:67,(anonymous_1)
FN:162,(anonymous_2)
FN:167,(anonymous_3)
FNF:4
FNH:0
FNDA:0,(anonymous_0)
FNDA:0,(anonymous_1)
FNDA:0,(anonymous_2)
FNDA:0,(anonymous_3)
DA:1,0
DA:62,0
DA:63,0
DA:64,0
DA:65,0
DA:67,0
DA:68,0
DA:69,0
DA:70,0
DA:73,0
DA:74,0
DA:76,0
DA:77,0
DA:79,0
DA:80,0
DA:83,0
DA:85,0
DA:86,0
DA:88,0
DA:91,0
DA:92,0
DA:93,0
DA:96,0
DA:97,0
DA:113,0
DA:158,0
DA:162,0
DA:163,0
DA:164,0
DA:167,0
DA:168,0
DA:171,0
LF:32
LH:0
BRDA:67,0,0,0
BRDA:68,1,0,0
BRDA:79,2,0,0
BRDA:85,3,0,0
BRDA:85,3,1,0
BRDA:88,4,0,0
BRDA:88,4,1,0
BRDA:91,5,0,0
BRDA:91,5,1,0
BRDA:96,6,0,0
BRF:10
BRH:0
end_of_record
TN:
SF:src/hooks/useTechnicalIndicators.ts
FN:60,(anonymous_0)
FN:66,(anonymous_1)
FN:156,(anonymous_2)
FN:161,(anonymous_3)
FN:166,(anonymous_4)
FN:187,(anonymous_5)
FNF:6
FNH:0
FNDA:0,(anonymous_0)
FNDA:0,(anonymous_1)
FNDA:0,(anonymous_2)
FNDA:0,(anonymous_3)
FNDA:0,(anonymous_4)
FNDA:0,(anonymous_5)
DA:1,0
DA:60,0
DA:61,0
DA:62,0
DA:63,0
DA:64,0
DA:66,0
DA:67,0
DA:68,0
DA:69,0
DA:73,0
DA:74,0
DA:77,0
DA:78,0
DA:79,0
DA:81,0
DA:82,0
DA:84,0
DA:85,0
DA:88,0
DA:90,0
DA:91,0
DA:93,0
DA:96,0
DA:97,0
DA:98,0
DA:101,0
DA:102,0
DA:152,0
DA:156,0
DA:157,0
DA:158,0
DA:161,0
DA:162,0
DA:166,0
DA:167,0
DA:169,0
DA:172,0
DA:182,0
DA:187,0
DA:189,0
DA:198,0
LF:42
LH:0
BRDA:66,0,0,0
BRDA:67,1,0,0
BRDA:73,2,0,0
BRDA:73,3,0,0
BRDA:73,3,1,0
BRDA:73,3,2,0
BRDA:84,4,0,0
BRDA:90,5,0,0
BRDA:90,5,1,0
BRDA:93,6,0,0
BRDA:93,6,1,0
BRDA:96,7,0,0
BRDA:96,7,1,0
BRDA:101,8,0,0
BRDA:167,9,0,0
BRDA:173,10,0,0
BRDA:173,10,1,0
BRDA:173,11,0,0
BRDA:173,11,1,0
BRDA:174,12,0,0
BRDA:174,12,1,0
BRDA:174,13,0,0
BRDA:174,13,1,0
BRDA:175,14,0,0
BRDA:175,14,1,0
BRDA:176,15,0,0
BRDA:176,15,1,0
BRDA:177,16,0,0
BRDA:177,16,1,0
BRDA:178,17,0,0
BRDA:178,17,1,0
BRDA:183,18,0,0
BRDA:183,18,1,0
BRDA:183,19,0,0
BRDA:183,19,1,0
BRDA:184,20,0,0
BRDA:184,20,1,0
BRDA:184,21,0,0
BRDA:184,21,1,0
BRDA:185,22,0,0
BRDA:185,22,1,0
BRDA:185,23,0,0
BRDA:185,23,1,0
BRDA:186,24,0,0
BRDA:186,24,1,0
BRDA:186,25,0,0
BRDA:186,25,1,0
BRDA:192,26,0,0
BRDA:192,26,1,0
BRDA:192,27,0,0
BRDA:192,27,1,0
BRDA:193,28,0,0
BRDA:193,28,1,0
BRDA:194,29,0,0
BRDA:194,29,1,0
BRF:55
BRH:0
end_of_record
TN:
SF:src/hooks/useTheme.ts
FN:5,useTheme
FN:6,(anonymous_1)
FN:14,(anonymous_2)
FN:20,(anonymous_3)
FN:21,(anonymous_4)
FNF:5
FNH:0
FNDA:0,useTheme
FNDA:0,(anonymous_1)
FNDA:0,(anonymous_2)
FNDA:0,(anonymous_3)
FNDA:0,(anonymous_4)
DA:1,0
DA:5,0
DA:6,0
DA:7,0
DA:8,0
DA:9,0
DA:11,0
DA:14,0
DA:15,0
DA:16,0
DA:17,0
DA:20,0
DA:21,0
DA:24,0
LF:14
LH:0
BRDA:8,0,0,0
BRDA:11,1,0,0
BRDA:11,1,1,0
BRDA:21,2,0,0
BRDA:21,2,1,0
BRF:5
BRH:0
end_of_record
TN:
SF:src/hooks/useTradingSignals.ts
FN:175,(anonymous_0)
FN:197,(anonymous_1)
FN:211,(anonymous_2)
FN:240,(anonymous_3)
FN:247,(anonymous_4)
FN:255,(anonymous_5)
FN:271,(anonymous_6)
FN:286,(anonymous_7)
FN:308,(anonymous_8)
FN:310,(anonymous_9)
FN:323,(anonymous_10)
FN:339,(anonymous_11)
FN:353,(anonymous_12)
FN:365,(anonymous_13)
FN:379,(anonymous_14)
FN:391,(anonymous_15)
FN:405,(anonymous_16)
FN:422,(anonymous_17)
FN:436,(anonymous_18)
FN:457,(anonymous_19)
FN:458,(anonymous_20)
FN:462,(anonymous_21)
FN:463,(anonymous_22)
FN:466,(anonymous_23)
FN:467,(anonymous_24)
FN:470,(anonymous_25)
FN:471,(anonymous_26)
FN:474,(anonymous_27)
FN:475,(anonymous_28)
FN:479,(anonymous_29)
FN:484,(anonymous_30)
FN:530,(anonymous_31)
FN:531,(anonymous_32)
FN:532,(anonymous_33)
FN:534,(anonymous_34)
FNF:35
FNH:0
FNDA:0,(anonymous_0)
FNDA:0,(anonymous_1)
FNDA:0,(anonymous_2)
FNDA:0,(anonymous_3)
FNDA:0,(anonymous_4)
FNDA:0,(anonymous_5)
FNDA:0,(anonymous_6)
FNDA:0,(anonymous_7)
FNDA:0,(anonymous_8)
FNDA:0,(anonymous_9)
FNDA:0,(anonymous_10)
FNDA:0,(anonymous_11)
FNDA:0,(anonymous_12)
FNDA:0,(anonymous_13)
FNDA:0,(anonymous_14)
FNDA:0,(anonymous_15)
FNDA:0,(anonymous_16)
FNDA:0,(anonymous_17)
FNDA:0,(anonymous_18)
FNDA:0,(anonymous_19)
FNDA:0,(anonymous_20)
FNDA:0,(anonymous_21)
FNDA:0,(anonymous_22)
FNDA:0,(anonymous_23)
FNDA:0,(anonymous_24)
FNDA:0,(anonymous_25)
FNDA:0,(anonymous_26)
FNDA:0,(anonymous_27)
FNDA:0,(anonymous_28)
FNDA:0,(anonymous_29)
FNDA:0,(anonymous_30)
FNDA:0,(anonymous_31)
FNDA:0,(anonymous_32)
FNDA:0,(anonymous_33)
FNDA:0,(anonymous_34)
DA:1,0
DA:2,0
DA:175,0
DA:176,0
DA:194,0
DA:197,0
DA:203,0
DA:205,0
DA:206,0
DA:209,0
DA:211,0
DA:217,0
DA:222,0
DA:226,0
DA:227,0
DA:229,0
DA:232,0
DA:233,0
DA:236,0
DA:240,0
DA:245,0
DA:247,0
DA:255,0
DA:260,0
DA:261,0
DA:270,0
DA:271,0
DA:278,0
DA:281,0
DA:286,0
DA:291,0
DA:292,0
DA:307,0
DA:308,0
DA:310,0
DA:315,0
DA:318,0
DA:323,0
DA:327,0
DA:328,0
DA:338,0
DA:339,0
DA:345,0
DA:348,0
DA:353,0
DA:357,0
DA:358,0
DA:364,0
DA:365,0
DA:371,0
DA:374,0
DA:379,0
DA:383,0
DA:384,0
DA:390,0
DA:391,0
DA:397,0
DA:400,0
DA:405,0
DA:409,0
DA:410,0
DA:421,0
DA:422,0
DA:428,0
DA:431,0
DA:436,0
DA:437,0
DA:457,0
DA:458,0
DA:462,0
DA:463,0
DA:466,0
DA:467,0
DA:470,0
DA:471,0
DA:474,0
DA:475,0
DA:479,0
DA:480,0
DA:481,0
DA:482,0
DA:484,0
DA:485,0
DA:486,0
DA:488,0
DA:490,0
DA:501,0
DA:530,0
DA:531,0
DA:532,0
DA:534,0
DA:539,0
LF:92
LH:0
BRDA:201,0,0,0
BRDA:205,1,0,0
BRDA:222,2,0,0
BRDA:222,2,1,0
BRDA:226,3,0,0
BRDA:226,3,1,0
BRDA:229,4,0,0
BRDA:229,4,1,0
BRDA:232,5,0,0
BRDA:236,6,0,0
BRDA:236,6,1,0
BRDA:237,7,0,0
BRDA:237,7,1,0
BRDA:270,8,0,0
BRDA:307,9,0,0
BRDA:338,10,0,0
BRDA:364,11,0,0
BRDA:390,12,0,0
BRDA:407,13,0,0
BRDA:421,14,0,0
BRDA:466,15,0,0
BRDA:496,16,0,0
BRDA:496,16,1,0
BRDA:524,17,0,0
BRDA:524,17,1,0
BRDA:524,17,2,0
BRDA:524,17,3,0
BRDA:524,17,4,0
BRDA:524,17,5,0
BRDA:533,18,0,0
BRDA:533,18,1,0
BRF:31
BRH:0
end_of_record
TN:
SF:src/lib/utils.ts
FN:4,cn
FNF:1
FNH:0
FNDA:0,cn
DA:1,0
DA:2,0
DA:4,0
DA:5,0
LF:4
LH:0
BRF:0
BRH:0
end_of_record
TN:
SF:src/pages/Home.tsx
FN:5,Home
FN:41,(anonymous_1)
FNF:2
FNH:0
FNDA:0,Home
FNDA:0,(anonymous_1)
DA:1,0
DA:2,0
DA:3,0
DA:5,0
DA:6,0
DA:9,0
DA:22,0
DA:41,0
LF:8
LH:0
BRF:0
BRH:0
end_of_record
TN:
SF:src/pages/PortMonitor.tsx
FN:61,(anonymous_0)
FN:69,(anonymous_1)
FN:87,(anonymous_2)
FN:101,(anonymous_3)
FN:121,(anonymous_4)
FN:142,(anonymous_5)
FN:166,(anonymous_6)
FN:182,(anonymous_7)
FN:198,(anonymous_8)
FN:204,(anonymous_9)
FN:209,(anonymous_10)
FN:213,(anonymous_11)
FN:214,(anonymous_12)
FN:226,(anonymous_13)
FN:233,(anonymous_14)
FN:258,(anonymous_15)
FN:288,(anonymous_16)
FN:382,(anonymous_17)
FN:415,(anonymous_18)
FN:463,(anonymous_19)
FN:470,(anonymous_20)
FN:477,(anonymous_21)
FN:484,(anonymous_22)
FNF:23
FNH:14
FNDA:31,(anonymous_0)
FNDA:17,(anonymous_1)
FNDA:17,(anonymous_2)
FNDA:0,(anonymous_3)
FNDA:2,(anonymous_4)
FNDA:0,(anonymous_5)
FNDA:16,(anonymous_6)
FNDA:16,(anonymous_7)
FNDA:25,(anonymous_8)
FNDA:9,(anonymous_9)
FNDA:16,(anonymous_10)
FNDA:16,(anonymous_11)
FNDA:16,(anonymous_12)
FNDA:0,(anonymous_13)
FNDA:16,(anonymous_14)
FNDA:1,(anonymous_15)
FNDA:0,(anonymous_16)
FNDA:0,(anonymous_17)
FNDA:16,(anonymous_18)
FNDA:0,(anonymous_19)
FNDA:0,(anonymous_20)
FNDA:0,(anonymous_21)
FNDA:0,(anonymous_22)
DA:2,1
DA:3,1
DA:17,1
DA:61,1
DA:62,31
DA:63,30
DA:64,30
DA:65,30
DA:69,30
DA:70,17
DA:71,17
DA:72,11
DA:74,11
DA:75,11
DA:76,11
DA:78,0
DA:81,6
DA:82,6
DA:87,30
DA:88,17
DA:89,17
DA:90,16
DA:92,16
DA:93,16
DA:96,1
DA:101,30
DA:102,0
DA:103,0
DA:106,0
DA:108,0
DA:109,0
DA:110,0
DA:112,0
DA:115,0
DA:116,0
DA:121,30
DA:122,2
DA:123,2
DA:124,2
DA:127,0
DA:129,0
DA:130,0
DA:131,0
DA:133,0
DA:136,2
DA:137,2
DA:142,30
DA:143,0
DA:144,0
DA:147,0
DA:148,0
DA:151,0
DA:153,0
DA:154,0
DA:155,0
DA:157,0
DA:160,0
DA:161,0
DA:166,30
DA:167,16
DA:169,8
DA:171,8
DA:173,0
DA:175,0
DA:177,0
DA:182,30
DA:183,16
DA:185,8
DA:187,8
DA:189,0
DA:191,0
DA:193,0
DA:198,30
DA:199,25
DA:200,17
DA:204,30
DA:205,9
DA:209,30
DA:210,16
DA:213,30
DA:214,16
DA:215,16
DA:216,16
DA:220,16
DA:223,16
DA:226,16
DA:227,0
DA:228,0
DA:233,16
DA:234,16
DA:238,30
DA:239,16
DA:246,14
DA:259,1
DA:260,1
DA:288,0
DA:382,0
DA:416,16
DA:463,0
DA:470,0
DA:484,0
DA:504,1
LF:102
LH:63
BRDA:74,0,0,11
BRDA:74,0,1,0
BRDA:92,1,0,16
BRDA:108,2,0,0
BRDA:108,2,1,0
BRDA:123,3,0,2
BRDA:123,3,1,0
BRDA:129,4,0,0
BRDA:129,4,1,0
BRDA:131,5,0,0
BRDA:131,5,1,0
BRDA:143,6,0,0
BRDA:153,7,0,0
BRDA:153,7,1,0
BRDA:167,8,0,8
BRDA:167,8,1,8
BRDA:167,8,2,0
BRDA:167,8,3,0
BRDA:167,8,4,0
BRDA:183,9,0,8
BRDA:183,9,1,8
BRDA:183,9,2,0
BRDA:183,9,3,0
BRDA:183,9,4,0
BRDA:199,10,0,8
BRDA:234,11,0,16
BRDA:238,12,0,16
BRDA:270,13,0,12
BRDA:270,13,1,2
BRDA:275,14,0,12
BRDA:275,14,1,2
BRDA:299,15,0,14
BRDA:299,15,1,9
BRDA:345,16,0,12
BRDA:345,16,1,2
BRDA:349,17,0,12
BRDA:349,17,1,2
BRDA:352,18,0,12
BRDA:352,18,1,2
BRDA:359,19,0,14
BRDA:359,19,1,9
BRDA:376,20,0,6
BRDA:376,20,1,8
BRDA:428,21,0,16
BRDA:428,21,1,0
BRDA:446,22,0,16
BRDA:446,22,1,0
BRDA:453,23,0,8
BRDA:453,23,1,8
BRDA:457,24,0,8
BRDA:457,24,1,8
BRF:51
BRH:32
end_of_record
TN:
SF:src/utils/dataMapping.ts
FN:51,mapFinancialData
FN:59,(anonymous_1)
FN:77,getTurkishKey
FN:86,getEnglishKey
FNF:4
FNH:0
FNDA:0,mapFinancialData
FNDA:0,(anonymous_1)
FNDA:0,getTurkishKey
FNDA:0,getEnglishKey
DA:8,0
DA:51,0
DA:52,0
DA:53,0
DA:56,0
DA:59,0
DA:60,0
DA:61,0
DA:63,0
DA:64,0
DA:69,0
DA:77,0
DA:78,0
DA:86,0
DA:87,0
LF:15
LH:0
BRDA:52,0,0,0
BRDA:52,1,0,0
BRDA:52,1,1,0
BRDA:60,2,0,0
BRDA:63,3,0,0
BRDA:63,4,0,0
BRDA:63,4,1,0
BRDA:78,5,0,0
BRDA:78,5,1,0
BRDA:87,6,0,0
BRDA:87,6,1,0
BRF:11
BRH:0
end_of_record
TN:
SF:src/utils/financialCalculations.ts
FN:15,(anonymous_0)
FN:66,(anonymous_1)
FN:143,(anonymous_2)
FN:222,(anonymous_3)
FN:231,(anonymous_4)
FN:245,(anonymous_5)
FN:256,(anonymous_6)
FN:270,(anonymous_7)
FN:285,(anonymous_8)
FNF:9
FNH:0
FNDA:0,(anonymous_0)
FNDA:0,(anonymous_1)
FNDA:0,(anonymous_2)
FNDA:0,(anonymous_3)
FNDA:0,(anonymous_4)
FNDA:0,(anonymous_5)
FNDA:0,(anonymous_6)
FNDA:0,(anonymous_7)
FNDA:0,(anonymous_8)
DA:15,0
DA:16,0
DA:19,0
DA:20,0
DA:21,0
DA:22,0
DA:23,0
DA:34,0
DA:35,0
DA:36,0
DA:37,0
DA:38,0
DA:49,0
DA:50,0
DA:51,0
DA:52,0
DA:62,0
DA:66,0
DA:67,0
DA:69,0
DA:70,0
DA:71,0
DA:72,0
DA:75,0
DA:76,0
DA:77,0
DA:88,0
DA:89,0
DA:90,0
DA:101,0
DA:102,0
DA:103,0
DA:114,0
DA:115,0
DA:116,0
DA:127,0
DA:128,0
DA:129,0
DA:139,0
DA:143,0
DA:144,0
DA:146,0
DA:147,0
DA:148,0
DA:149,0
DA:150,0
DA:151,0
DA:154,0
DA:155,0
DA:156,0
DA:167,0
DA:168,0
DA:169,0
DA:180,0
DA:181,0
DA:182,0
DA:193,0
DA:194,0
DA:195,0
DA:206,0
DA:207,0
DA:208,0
DA:218,0
DA:222,0
DA:223,0
DA:231,0
DA:232,0
DA:233,0
DA:235,0
DA:236,0
DA:237,0
DA:239,0
DA:245,0
DA:246,0
DA:247,0
DA:249,0
DA:250,0
DA:251,0
DA:253,0
DA:256,0
DA:257,0
DA:258,0
DA:260,0
DA:261,0
DA:262,0
DA:264,0
DA:270,0
DA:271,0
DA:272,0
DA:274,0
DA:275,0
DA:276,0
DA:278,0
DA:285,0
DA:286,0
DA:287,0
DA:290,0
DA:291,0
DA:292,0
DA:295,0
DA:297,0
DA:299,0
DA:301,0
DA:303,0
LF:104
LH:0
BRDA:19,0,0,0
BRDA:19,0,1,0
BRDA:20,1,0,0
BRDA:20,1,1,0
BRDA:21,2,0,0
BRDA:34,3,0,0
BRDA:34,3,1,0
BRDA:36,4,0,0
BRDA:49,5,0,0
BRDA:49,5,1,0
BRDA:50,6,0,0
BRDA:69,7,0,0
BRDA:69,7,1,0
BRDA:70,8,0,0
BRDA:70,8,1,0
BRDA:71,9,0,0
BRDA:71,9,1,0
BRDA:72,10,0,0
BRDA:72,10,1,0
BRDA:75,11,0,0
BRDA:88,12,0,0
BRDA:101,13,0,0
BRDA:114,14,0,0
BRDA:127,15,0,0
BRDA:146,16,0,0
BRDA:146,16,1,0
BRDA:147,17,0,0
BRDA:147,17,1,0
BRDA:148,18,0,0
BRDA:148,18,1,0
BRDA:149,19,0,0
BRDA:149,19,1,0
BRDA:150,20,0,0
BRDA:150,20,1,0
BRDA:151,21,0,0
BRDA:151,21,1,0
BRDA:154,22,0,0
BRDA:167,23,0,0
BRDA:180,24,0,0
BRDA:193,25,0,0
BRDA:206,26,0,0
BRDA:231,27,0,0
BRDA:232,28,0,0
BRDA:232,29,0,0
BRDA:232,29,1,0
BRDA:232,29,2,0
BRDA:236,30,0,0
BRDA:245,31,0,0
BRDA:246,32,0,0
BRDA:246,33,0,0
BRDA:246,33,1,0
BRDA:246,33,2,0
BRDA:250,34,0,0
BRDA:256,35,0,0
BRDA:257,36,0,0
BRDA:257,37,0,0
BRDA:257,37,1,0
BRDA:257,37,2,0
BRDA:261,38,0,0
BRDA:270,39,0,0
BRDA:271,40,0,0
BRDA:271,41,0,0
BRDA:271,41,1,0
BRDA:271,41,2,0
BRDA:275,42,0,0
BRDA:286,43,0,0
BRDA:286,44,0,0
BRDA:286,44,1,0
BRDA:286,44,2,0
BRDA:286,44,3,0
BRDA:287,45,0,0
BRDA:287,45,1,0
BRDA:287,46,0,0
BRDA:287,46,1,0
BRDA:287,47,0,0
BRDA:287,47,1,0
BRDA:291,48,0,0
BRDA:292,49,0,0
BRDA:292,49,1,0
BRDA:292,50,0,0
BRDA:292,50,1,0
BRDA:292,51,0,0
BRDA:292,51,1,0
BRDA:295,52,0,0
BRDA:295,52,1,0
BRDA:295,52,2,0
BRDA:295,52,3,0
BRF:87
BRH:0
end_of_record
